{"D:\\Honefoss vgs\\Football-Management-System\\backend\\controllers\\addressController.js": {"path":"D:\\Honefoss vgs\\Football-Management-System\\backend\\controllers\\addressController.js","statementMap":{"0":{"start":{"line":1,"column":23},"end":{"line":1,"column":60}},"1":{"start":{"line":14,"column":8},"end":{"line":19,"column":9}},"2":{"start":{"line":15,"column":28},"end":{"line":15,"column":72}},"3":{"start":{"line":16,"column":12},"end":{"line":16,"column":42}},"4":{"start":{"line":18,"column":12},"end":{"line":18,"column":59}},"5":{"start":{"line":28,"column":8},"end":{"line":37,"column":9}},"6":{"start":{"line":29,"column":28},"end":{"line":29,"column":85}},"7":{"start":{"line":30,"column":12},"end":{"line":34,"column":13}},"8":{"start":{"line":31,"column":16},"end":{"line":31,"column":46}},"9":{"start":{"line":33,"column":16},"end":{"line":33,"column":71}},"10":{"start":{"line":36,"column":12},"end":{"line":36,"column":59}},"11":{"start":{"line":46,"column":8},"end":{"line":51,"column":9}},"12":{"start":{"line":47,"column":30},"end":{"line":47,"column":68}},"13":{"start":{"line":48,"column":12},"end":{"line":48,"column":44}},"14":{"start":{"line":50,"column":12},"end":{"line":50,"column":59}},"15":{"start":{"line":60,"column":8},"end":{"line":69,"column":9}},"16":{"start":{"line":61,"column":28},"end":{"line":61,"column":94}},"17":{"start":{"line":62,"column":12},"end":{"line":66,"column":13}},"18":{"start":{"line":63,"column":16},"end":{"line":63,"column":82}},"19":{"start":{"line":65,"column":16},"end":{"line":65,"column":71}},"20":{"start":{"line":68,"column":12},"end":{"line":68,"column":59}},"21":{"start":{"line":78,"column":8},"end":{"line":87,"column":9}},"22":{"start":{"line":79,"column":27},"end":{"line":79,"column":83}},"23":{"start":{"line":80,"column":12},"end":{"line":84,"column":13}},"24":{"start":{"line":81,"column":16},"end":{"line":81,"column":82}},"25":{"start":{"line":83,"column":16},"end":{"line":83,"column":71}},"26":{"start":{"line":86,"column":12},"end":{"line":86,"column":59}},"27":{"start":{"line":91,"column":0},"end":{"line":91,"column":41}}},"fnMap":{"0":{"name":"(anonymous_0)","decl":{"start":{"line":13,"column":4},"end":{"line":13,"column":5}},"loc":{"start":{"line":13,"column":34},"end":{"line":20,"column":5}},"line":13},"1":{"name":"(anonymous_1)","decl":{"start":{"line":27,"column":4},"end":{"line":27,"column":5}},"loc":{"start":{"line":27,"column":35},"end":{"line":38,"column":5}},"line":27},"2":{"name":"(anonymous_2)","decl":{"start":{"line":45,"column":4},"end":{"line":45,"column":5}},"loc":{"start":{"line":45,"column":36},"end":{"line":52,"column":5}},"line":45},"3":{"name":"(anonymous_3)","decl":{"start":{"line":59,"column":4},"end":{"line":59,"column":5}},"loc":{"start":{"line":59,"column":34},"end":{"line":70,"column":5}},"line":59},"4":{"name":"(anonymous_4)","decl":{"start":{"line":77,"column":4},"end":{"line":77,"column":5}},"loc":{"start":{"line":77,"column":34},"end":{"line":88,"column":5}},"line":77}},"branchMap":{"0":{"loc":{"start":{"line":30,"column":12},"end":{"line":34,"column":13}},"type":"if","locations":[{"start":{"line":30,"column":12},"end":{"line":34,"column":13}},{"start":{"line":32,"column":19},"end":{"line":34,"column":13}}],"line":30},"1":{"loc":{"start":{"line":62,"column":12},"end":{"line":66,"column":13}},"type":"if","locations":[{"start":{"line":62,"column":12},"end":{"line":66,"column":13}},{"start":{"line":64,"column":19},"end":{"line":66,"column":13}}],"line":62},"2":{"loc":{"start":{"line":80,"column":12},"end":{"line":84,"column":13}},"type":"if","locations":[{"start":{"line":80,"column":12},"end":{"line":84,"column":13}},{"start":{"line":82,"column":19},"end":{"line":84,"column":13}}],"line":80}},"s":{"0":0,"1":0,"2":0,"3":0,"4":0,"5":0,"6":0,"7":0,"8":0,"9":0,"10":0,"11":0,"12":0,"13":0,"14":0,"15":0,"16":0,"17":0,"18":0,"19":0,"20":0,"21":0,"22":0,"23":0,"24":0,"25":0,"26":0,"27":0},"f":{"0":0,"1":0,"2":0,"3":0,"4":0},"b":{"0":[0,0],"1":[0,0],"2":[0,0]}}
,"D:\\Honefoss vgs\\Football-Management-System\\backend\\controllers\\authController.js": {"path":"D:\\Honefoss vgs\\Football-Management-System\\backend\\controllers\\authController.js","statementMap":{"0":{"start":{"line":1,"column":35},"end":{"line":1,"column":63}},"1":{"start":{"line":2,"column":18},"end":{"line":2,"column":47}},"2":{"start":{"line":3,"column":20},"end":{"line":3,"column":54}},"3":{"start":{"line":4,"column":13},"end":{"line":4,"column":38}},"4":{"start":{"line":5,"column":12},"end":{"line":5,"column":35}},"5":{"start":{"line":6,"column":15},"end":{"line":6,"column":32}},"6":{"start":{"line":7,"column":28},"end":{"line":7,"column":66}},"7":{"start":{"line":8,"column":0},"end":{"line":8,"column":27}},"8":{"start":{"line":13,"column":21},"end":{"line":17,"column":2}},"9":{"start":{"line":30,"column":8},"end":{"line":30,"column":84}},"10":{"start":{"line":31,"column":8},"end":{"line":31,"column":64}},"11":{"start":{"line":32,"column":8},"end":{"line":32,"column":61}},"12":{"start":{"line":34,"column":23},"end":{"line":34,"column":44}},"13":{"start":{"line":35,"column":8},"end":{"line":37,"column":9}},"14":{"start":{"line":36,"column":12},"end":{"line":36,"column":62}},"15":{"start":{"line":39,"column":8},"end":{"line":55,"column":9}},"16":{"start":{"line":40,"column":58},"end":{"line":40,"column":66}},"17":{"start":{"line":41,"column":33},"end":{"line":41,"column":73}},"18":{"start":{"line":42,"column":12},"end":{"line":44,"column":13}},"19":{"start":{"line":43,"column":16},"end":{"line":43,"column":72}},"20":{"start":{"line":46,"column":33},"end":{"line":46,"column":64}},"21":{"start":{"line":47,"column":28},"end":{"line":47,"column":88}},"22":{"start":{"line":49,"column":12},"end":{"line":49,"column":78}},"23":{"start":{"line":51,"column":12},"end":{"line":53,"column":13}},"24":{"start":{"line":52,"column":16},"end":{"line":52,"column":76}},"25":{"start":{"line":54,"column":12},"end":{"line":54,"column":24}},"26":{"start":{"line":64,"column":8},"end":{"line":64,"column":64}},"27":{"start":{"line":65,"column":8},"end":{"line":65,"column":61}},"28":{"start":{"line":67,"column":23},"end":{"line":67,"column":44}},"29":{"start":{"line":68,"column":8},"end":{"line":70,"column":9}},"30":{"start":{"line":69,"column":12},"end":{"line":69,"column":62}},"31":{"start":{"line":72,"column":8},"end":{"line":88,"column":9}},"32":{"start":{"line":73,"column":40},"end":{"line":73,"column":48}},"33":{"start":{"line":74,"column":25},"end":{"line":74,"column":65}},"34":{"start":{"line":75,"column":12},"end":{"line":77,"column":13}},"35":{"start":{"line":76,"column":16},"end":{"line":76,"column":78}},"36":{"start":{"line":79,"column":26},"end":{"line":83,"column":13}},"37":{"start":{"line":85,"column":12},"end":{"line":85,"column":44}},"38":{"start":{"line":87,"column":12},"end":{"line":87,"column":24}},"39":{"start":{"line":97,"column":8},"end":{"line":102,"column":9}},"40":{"start":{"line":98,"column":12},"end":{"line":98,"column":54}},"41":{"start":{"line":99,"column":12},"end":{"line":99,"column":75}},"42":{"start":{"line":101,"column":12},"end":{"line":101,"column":59}},"43":{"start":{"line":111,"column":8},"end":{"line":116,"column":9}},"44":{"start":{"line":112,"column":26},"end":{"line":112,"column":66}},"45":{"start":{"line":113,"column":12},"end":{"line":113,"column":44}},"46":{"start":{"line":115,"column":12},"end":{"line":115,"column":59}},"47":{"start":{"line":125,"column":8},"end":{"line":141,"column":9}},"48":{"start":{"line":126,"column":31},"end":{"line":126,"column":56}},"49":{"start":{"line":127,"column":12},"end":{"line":129,"column":13}},"50":{"start":{"line":128,"column":16},"end":{"line":128,"column":94}},"51":{"start":{"line":131,"column":26},"end":{"line":131,"column":50}},"52":{"start":{"line":132,"column":12},"end":{"line":134,"column":13}},"53":{"start":{"line":133,"column":16},"end":{"line":133,"column":97}},"54":{"start":{"line":136,"column":28},"end":{"line":136,"column":69}},"55":{"start":{"line":137,"column":12},"end":{"line":137,"column":98}},"56":{"start":{"line":139,"column":12},"end":{"line":139,"column":62}},"57":{"start":{"line":140,"column":12},"end":{"line":140,"column":63}},"58":{"start":{"line":145,"column":0},"end":{"line":145,"column":38}}},"fnMap":{"0":{"name":"(anonymous_0)","decl":{"start":{"line":29,"column":4},"end":{"line":29,"column":5}},"loc":{"start":{"line":29,"column":35},"end":{"line":56,"column":5}},"line":29},"1":{"name":"(anonymous_1)","decl":{"start":{"line":63,"column":4},"end":{"line":63,"column":5}},"loc":{"start":{"line":63,"column":32},"end":{"line":89,"column":5}},"line":63},"2":{"name":"(anonymous_2)","decl":{"start":{"line":96,"column":4},"end":{"line":96,"column":5}},"loc":{"start":{"line":96,"column":34},"end":{"line":103,"column":5}},"line":96},"3":{"name":"(anonymous_3)","decl":{"start":{"line":110,"column":4},"end":{"line":110,"column":5}},"loc":{"start":{"line":110,"column":33},"end":{"line":117,"column":5}},"line":110},"4":{"name":"(anonymous_4)","decl":{"start":{"line":124,"column":4},"end":{"line":124,"column":5}},"loc":{"start":{"line":124,"column":24},"end":{"line":142,"column":5}},"line":124}},"branchMap":{"0":{"loc":{"start":{"line":35,"column":8},"end":{"line":37,"column":9}},"type":"if","locations":[{"start":{"line":35,"column":8},"end":{"line":37,"column":9}},{"start":{},"end":{}}],"line":35},"1":{"loc":{"start":{"line":42,"column":12},"end":{"line":44,"column":13}},"type":"if","locations":[{"start":{"line":42,"column":12},"end":{"line":44,"column":13}},{"start":{},"end":{}}],"line":42},"2":{"loc":{"start":{"line":51,"column":12},"end":{"line":53,"column":13}},"type":"if","locations":[{"start":{"line":51,"column":12},"end":{"line":53,"column":13}},{"start":{},"end":{}}],"line":51},"3":{"loc":{"start":{"line":68,"column":8},"end":{"line":70,"column":9}},"type":"if","locations":[{"start":{"line":68,"column":8},"end":{"line":70,"column":9}},{"start":{},"end":{}}],"line":68},"4":{"loc":{"start":{"line":75,"column":12},"end":{"line":77,"column":13}},"type":"if","locations":[{"start":{"line":75,"column":12},"end":{"line":77,"column":13}},{"start":{},"end":{}}],"line":75},"5":{"loc":{"start":{"line":75,"column":16},"end":{"line":75,"column":77}},"type":"binary-expr","locations":[{"start":{"line":75,"column":16},"end":{"line":75,"column":21}},{"start":{"line":75,"column":25},"end":{"line":75,"column":77}}],"line":75},"6":{"loc":{"start":{"line":127,"column":12},"end":{"line":129,"column":13}},"type":"if","locations":[{"start":{"line":127,"column":12},"end":{"line":129,"column":13}},{"start":{},"end":{}}],"line":127},"7":{"loc":{"start":{"line":132,"column":12},"end":{"line":134,"column":13}},"type":"if","locations":[{"start":{"line":132,"column":12},"end":{"line":134,"column":13}},{"start":{},"end":{}}],"line":132}},"s":{"0":2,"1":2,"2":2,"3":2,"4":2,"5":2,"6":2,"7":2,"8":2,"9":1,"10":1,"11":1,"12":1,"13":1,"14":0,"15":1,"16":1,"17":1,"18":1,"19":0,"20":1,"21":1,"22":0,"23":1,"24":1,"25":0,"26":1,"27":1,"28":1,"29":1,"30":0,"31":1,"32":1,"33":1,"34":1,"35":1,"36":0,"37":0,"38":0,"39":0,"40":0,"41":0,"42":0,"43":0,"44":0,"45":0,"46":0,"47":0,"48":0,"49":0,"50":0,"51":0,"52":0,"53":0,"54":0,"55":0,"56":0,"57":0,"58":2},"f":{"0":1,"1":1,"2":0,"3":0,"4":0},"b":{"0":[0,1],"1":[0,1],"2":[1,0],"3":[0,1],"4":[1,0],"5":[1,0],"6":[0,0],"7":[0,0]},"_coverageSchema":"1a1c01bbd47fc00a2c39e90264f33305004495a9","hash":"15f7cf25eb0ca618c78ad50929764b4db700223f"}
,"D:\\Honefoss vgs\\Football-Management-System\\backend\\controllers\\bookingController.js": {"path":"D:\\Honefoss vgs\\Football-Management-System\\backend\\controllers\\bookingController.js","statementMap":{"0":{"start":{"line":1,"column":23},"end":{"line":1,"column":60}},"1":{"start":{"line":14,"column":8},"end":{"line":19,"column":9}},"2":{"start":{"line":15,"column":28},"end":{"line":15,"column":72}},"3":{"start":{"line":16,"column":12},"end":{"line":16,"column":42}},"4":{"start":{"line":18,"column":12},"end":{"line":18,"column":59}},"5":{"start":{"line":28,"column":8},"end":{"line":37,"column":9}},"6":{"start":{"line":29,"column":28},"end":{"line":29,"column":85}},"7":{"start":{"line":30,"column":12},"end":{"line":34,"column":13}},"8":{"start":{"line":31,"column":16},"end":{"line":31,"column":46}},"9":{"start":{"line":33,"column":16},"end":{"line":33,"column":71}},"10":{"start":{"line":36,"column":12},"end":{"line":36,"column":59}},"11":{"start":{"line":46,"column":8},"end":{"line":51,"column":9}},"12":{"start":{"line":47,"column":29},"end":{"line":47,"column":66}},"13":{"start":{"line":48,"column":12},"end":{"line":48,"column":43}},"14":{"start":{"line":50,"column":12},"end":{"line":50,"column":59}},"15":{"start":{"line":60,"column":8},"end":{"line":69,"column":9}},"16":{"start":{"line":61,"column":28},"end":{"line":61,"column":94}},"17":{"start":{"line":62,"column":12},"end":{"line":66,"column":13}},"18":{"start":{"line":63,"column":16},"end":{"line":63,"column":82}},"19":{"start":{"line":65,"column":16},"end":{"line":65,"column":71}},"20":{"start":{"line":68,"column":12},"end":{"line":68,"column":59}},"21":{"start":{"line":78,"column":8},"end":{"line":87,"column":9}},"22":{"start":{"line":79,"column":27},"end":{"line":79,"column":83}},"23":{"start":{"line":80,"column":12},"end":{"line":84,"column":13}},"24":{"start":{"line":81,"column":16},"end":{"line":81,"column":82}},"25":{"start":{"line":83,"column":16},"end":{"line":83,"column":71}},"26":{"start":{"line":86,"column":12},"end":{"line":86,"column":59}},"27":{"start":{"line":91,"column":0},"end":{"line":91,"column":41}}},"fnMap":{"0":{"name":"(anonymous_0)","decl":{"start":{"line":13,"column":4},"end":{"line":13,"column":5}},"loc":{"start":{"line":13,"column":34},"end":{"line":20,"column":5}},"line":13},"1":{"name":"(anonymous_1)","decl":{"start":{"line":27,"column":4},"end":{"line":27,"column":5}},"loc":{"start":{"line":27,"column":35},"end":{"line":38,"column":5}},"line":27},"2":{"name":"(anonymous_2)","decl":{"start":{"line":45,"column":4},"end":{"line":45,"column":5}},"loc":{"start":{"line":45,"column":35},"end":{"line":52,"column":5}},"line":45},"3":{"name":"(anonymous_3)","decl":{"start":{"line":59,"column":4},"end":{"line":59,"column":5}},"loc":{"start":{"line":59,"column":34},"end":{"line":70,"column":5}},"line":59},"4":{"name":"(anonymous_4)","decl":{"start":{"line":77,"column":4},"end":{"line":77,"column":5}},"loc":{"start":{"line":77,"column":34},"end":{"line":88,"column":5}},"line":77}},"branchMap":{"0":{"loc":{"start":{"line":30,"column":12},"end":{"line":34,"column":13}},"type":"if","locations":[{"start":{"line":30,"column":12},"end":{"line":34,"column":13}},{"start":{"line":32,"column":19},"end":{"line":34,"column":13}}],"line":30},"1":{"loc":{"start":{"line":62,"column":12},"end":{"line":66,"column":13}},"type":"if","locations":[{"start":{"line":62,"column":12},"end":{"line":66,"column":13}},{"start":{"line":64,"column":19},"end":{"line":66,"column":13}}],"line":62},"2":{"loc":{"start":{"line":80,"column":12},"end":{"line":84,"column":13}},"type":"if","locations":[{"start":{"line":80,"column":12},"end":{"line":84,"column":13}},{"start":{"line":82,"column":19},"end":{"line":84,"column":13}}],"line":80}},"s":{"0":0,"1":0,"2":0,"3":0,"4":0,"5":0,"6":0,"7":0,"8":0,"9":0,"10":0,"11":0,"12":0,"13":0,"14":0,"15":0,"16":0,"17":0,"18":0,"19":0,"20":0,"21":0,"22":0,"23":0,"24":0,"25":0,"26":0,"27":0},"f":{"0":0,"1":0,"2":0,"3":0,"4":0},"b":{"0":[0,0],"1":[0,0],"2":[0,0]}}
,"D:\\Honefoss vgs\\Football-Management-System\\backend\\controllers\\clubController.js": {"path":"D:\\Honefoss vgs\\Football-Management-System\\backend\\controllers\\clubController.js","statementMap":{"0":{"start":{"line":3,"column":20},"end":{"line":3,"column":54}},"1":{"start":{"line":10,"column":19},"end":{"line":17,"column":1}},"2":{"start":{"line":11,"column":4},"end":{"line":16,"column":5}},"3":{"start":{"line":12,"column":21},"end":{"line":12,"column":59}},"4":{"start":{"line":13,"column":8},"end":{"line":13,"column":35}},"5":{"start":{"line":15,"column":8},"end":{"line":15,"column":55}},"6":{"start":{"line":24,"column":19},"end":{"line":32,"column":1}},"7":{"start":{"line":25,"column":4},"end":{"line":31,"column":5}},"8":{"start":{"line":26,"column":23},"end":{"line":26,"column":40}},"9":{"start":{"line":27,"column":21},"end":{"line":27,"column":67}},"10":{"start":{"line":28,"column":8},"end":{"line":28,"column":35}},"11":{"start":{"line":30,"column":8},"end":{"line":30,"column":55}},"12":{"start":{"line":39,"column":19},"end":{"line":47,"column":1}},"13":{"start":{"line":40,"column":4},"end":{"line":46,"column":5}},"14":{"start":{"line":41,"column":23},"end":{"line":41,"column":40}},"15":{"start":{"line":42,"column":8},"end":{"line":42,"column":45}},"16":{"start":{"line":43,"column":8},"end":{"line":43,"column":31}},"17":{"start":{"line":45,"column":8},"end":{"line":45,"column":55}},"18":{"start":{"line":54,"column":20},"end":{"line":62,"column":1}},"19":{"start":{"line":55,"column":4},"end":{"line":61,"column":5}},"20":{"start":{"line":56,"column":23},"end":{"line":56,"column":40}},"21":{"start":{"line":57,"column":21},"end":{"line":57,"column":58}},"22":{"start":{"line":58,"column":8},"end":{"line":58,"column":35}},"23":{"start":{"line":60,"column":8},"end":{"line":60,"column":55}},"24":{"start":{"line":69,"column":24},"end":{"line":77,"column":1}},"25":{"start":{"line":70,"column":4},"end":{"line":76,"column":5}},"26":{"start":{"line":71,"column":23},"end":{"line":71,"column":40}},"27":{"start":{"line":72,"column":21},"end":{"line":72,"column":62}},"28":{"start":{"line":73,"column":8},"end":{"line":73,"column":35}},"29":{"start":{"line":75,"column":8},"end":{"line":75,"column":55}},"30":{"start":{"line":79,"column":0},"end":{"line":85,"column":2}}},"fnMap":{"0":{"name":"(anonymous_0)","decl":{"start":{"line":10,"column":19},"end":{"line":10,"column":20}},"loc":{"start":{"line":10,"column":39},"end":{"line":17,"column":1}},"line":10},"1":{"name":"(anonymous_1)","decl":{"start":{"line":24,"column":19},"end":{"line":24,"column":20}},"loc":{"start":{"line":24,"column":39},"end":{"line":32,"column":1}},"line":24},"2":{"name":"(anonymous_2)","decl":{"start":{"line":39,"column":19},"end":{"line":39,"column":20}},"loc":{"start":{"line":39,"column":39},"end":{"line":47,"column":1}},"line":39},"3":{"name":"(anonymous_3)","decl":{"start":{"line":54,"column":20},"end":{"line":54,"column":21}},"loc":{"start":{"line":54,"column":40},"end":{"line":62,"column":1}},"line":54},"4":{"name":"(anonymous_4)","decl":{"start":{"line":69,"column":24},"end":{"line":69,"column":25}},"loc":{"start":{"line":69,"column":44},"end":{"line":77,"column":1}},"line":69}},"branchMap":{},"s":{"0":0,"1":0,"2":0,"3":0,"4":0,"5":0,"6":0,"7":0,"8":0,"9":0,"10":0,"11":0,"12":0,"13":0,"14":0,"15":0,"16":0,"17":0,"18":0,"19":0,"20":0,"21":0,"22":0,"23":0,"24":0,"25":0,"26":0,"27":0,"28":0,"29":0,"30":0},"f":{"0":0,"1":0,"2":0,"3":0,"4":0},"b":{}}
,"D:\\Honefoss vgs\\Football-Management-System\\backend\\controllers\\coachRoleController.js": {"path":"D:\\Honefoss vgs\\Football-Management-System\\backend\\controllers\\coachRoleController.js","statementMap":{"0":{"start":{"line":1,"column":25},"end":{"line":1,"column":64}},"1":{"start":{"line":14,"column":8},"end":{"line":19,"column":9}},"2":{"start":{"line":15,"column":30},"end":{"line":15,"column":78}},"3":{"start":{"line":16,"column":12},"end":{"line":16,"column":44}},"4":{"start":{"line":18,"column":12},"end":{"line":18,"column":59}},"5":{"start":{"line":28,"column":8},"end":{"line":37,"column":9}},"6":{"start":{"line":29,"column":30},"end":{"line":29,"column":88}},"7":{"start":{"line":30,"column":12},"end":{"line":34,"column":13}},"8":{"start":{"line":31,"column":16},"end":{"line":31,"column":48}},"9":{"start":{"line":33,"column":16},"end":{"line":33,"column":74}},"10":{"start":{"line":36,"column":12},"end":{"line":36,"column":59}},"11":{"start":{"line":46,"column":8},"end":{"line":51,"column":9}},"12":{"start":{"line":47,"column":31},"end":{"line":47,"column":72}},"13":{"start":{"line":48,"column":12},"end":{"line":48,"column":45}},"14":{"start":{"line":50,"column":12},"end":{"line":50,"column":59}},"15":{"start":{"line":60,"column":8},"end":{"line":69,"column":9}},"16":{"start":{"line":61,"column":30},"end":{"line":61,"column":97}},"17":{"start":{"line":62,"column":12},"end":{"line":66,"column":13}},"18":{"start":{"line":63,"column":16},"end":{"line":63,"column":85}},"19":{"start":{"line":65,"column":16},"end":{"line":65,"column":74}},"20":{"start":{"line":68,"column":12},"end":{"line":68,"column":59}},"21":{"start":{"line":78,"column":8},"end":{"line":87,"column":9}},"22":{"start":{"line":79,"column":27},"end":{"line":79,"column":84}},"23":{"start":{"line":80,"column":12},"end":{"line":84,"column":13}},"24":{"start":{"line":81,"column":16},"end":{"line":81,"column":85}},"25":{"start":{"line":83,"column":16},"end":{"line":83,"column":74}},"26":{"start":{"line":86,"column":12},"end":{"line":86,"column":59}},"27":{"start":{"line":91,"column":0},"end":{"line":91,"column":43}}},"fnMap":{"0":{"name":"(anonymous_0)","decl":{"start":{"line":13,"column":4},"end":{"line":13,"column":5}},"loc":{"start":{"line":13,"column":36},"end":{"line":20,"column":5}},"line":13},"1":{"name":"(anonymous_1)","decl":{"start":{"line":27,"column":4},"end":{"line":27,"column":5}},"loc":{"start":{"line":27,"column":37},"end":{"line":38,"column":5}},"line":27},"2":{"name":"(anonymous_2)","decl":{"start":{"line":45,"column":4},"end":{"line":45,"column":5}},"loc":{"start":{"line":45,"column":37},"end":{"line":52,"column":5}},"line":45},"3":{"name":"(anonymous_3)","decl":{"start":{"line":59,"column":4},"end":{"line":59,"column":5}},"loc":{"start":{"line":59,"column":36},"end":{"line":70,"column":5}},"line":59},"4":{"name":"(anonymous_4)","decl":{"start":{"line":77,"column":4},"end":{"line":77,"column":5}},"loc":{"start":{"line":77,"column":36},"end":{"line":88,"column":5}},"line":77}},"branchMap":{"0":{"loc":{"start":{"line":30,"column":12},"end":{"line":34,"column":13}},"type":"if","locations":[{"start":{"line":30,"column":12},"end":{"line":34,"column":13}},{"start":{"line":32,"column":19},"end":{"line":34,"column":13}}],"line":30},"1":{"loc":{"start":{"line":62,"column":12},"end":{"line":66,"column":13}},"type":"if","locations":[{"start":{"line":62,"column":12},"end":{"line":66,"column":13}},{"start":{"line":64,"column":19},"end":{"line":66,"column":13}}],"line":62},"2":{"loc":{"start":{"line":80,"column":12},"end":{"line":84,"column":13}},"type":"if","locations":[{"start":{"line":80,"column":12},"end":{"line":84,"column":13}},{"start":{"line":82,"column":19},"end":{"line":84,"column":13}}],"line":80}},"s":{"0":0,"1":0,"2":0,"3":0,"4":0,"5":0,"6":0,"7":0,"8":0,"9":0,"10":0,"11":0,"12":0,"13":0,"14":0,"15":0,"16":0,"17":0,"18":0,"19":0,"20":0,"21":0,"22":0,"23":0,"24":0,"25":0,"26":0,"27":0},"f":{"0":0,"1":0,"2":0,"3":0,"4":0},"b":{"0":[0,0],"1":[0,0],"2":[0,0]}}
,"D:\\Honefoss vgs\\Football-Management-System\\backend\\controllers\\competitionController.js": {"path":"D:\\Honefoss vgs\\Football-Management-System\\backend\\controllers\\competitionController.js","statementMap":{"0":{"start":{"line":1,"column":27},"end":{"line":1,"column":68}},"1":{"start":{"line":14,"column":8},"end":{"line":19,"column":9}},"2":{"start":{"line":15,"column":32},"end":{"line":15,"column":84}},"3":{"start":{"line":16,"column":12},"end":{"line":16,"column":46}},"4":{"start":{"line":18,"column":12},"end":{"line":18,"column":59}},"5":{"start":{"line":28,"column":8},"end":{"line":37,"column":9}},"6":{"start":{"line":29,"column":32},"end":{"line":29,"column":101}},"7":{"start":{"line":30,"column":12},"end":{"line":34,"column":13}},"8":{"start":{"line":31,"column":16},"end":{"line":31,"column":50}},"9":{"start":{"line":33,"column":16},"end":{"line":33,"column":75}},"10":{"start":{"line":36,"column":12},"end":{"line":36,"column":59}},"11":{"start":{"line":46,"column":8},"end":{"line":51,"column":9}},"12":{"start":{"line":47,"column":33},"end":{"line":47,"column":78}},"13":{"start":{"line":48,"column":12},"end":{"line":48,"column":47}},"14":{"start":{"line":50,"column":12},"end":{"line":50,"column":59}},"15":{"start":{"line":60,"column":8},"end":{"line":69,"column":9}},"16":{"start":{"line":61,"column":32},"end":{"line":61,"column":110}},"17":{"start":{"line":62,"column":12},"end":{"line":66,"column":13}},"18":{"start":{"line":63,"column":16},"end":{"line":63,"column":86}},"19":{"start":{"line":65,"column":16},"end":{"line":65,"column":75}},"20":{"start":{"line":68,"column":12},"end":{"line":68,"column":59}},"21":{"start":{"line":78,"column":8},"end":{"line":87,"column":9}},"22":{"start":{"line":79,"column":27},"end":{"line":79,"column":95}},"23":{"start":{"line":80,"column":12},"end":{"line":84,"column":13}},"24":{"start":{"line":81,"column":16},"end":{"line":81,"column":86}},"25":{"start":{"line":83,"column":16},"end":{"line":83,"column":75}},"26":{"start":{"line":86,"column":12},"end":{"line":86,"column":59}},"27":{"start":{"line":91,"column":0},"end":{"line":91,"column":45}}},"fnMap":{"0":{"name":"(anonymous_0)","decl":{"start":{"line":13,"column":4},"end":{"line":13,"column":5}},"loc":{"start":{"line":13,"column":38},"end":{"line":20,"column":5}},"line":13},"1":{"name":"(anonymous_1)","decl":{"start":{"line":27,"column":4},"end":{"line":27,"column":5}},"loc":{"start":{"line":27,"column":39},"end":{"line":38,"column":5}},"line":27},"2":{"name":"(anonymous_2)","decl":{"start":{"line":45,"column":4},"end":{"line":45,"column":5}},"loc":{"start":{"line":45,"column":39},"end":{"line":52,"column":5}},"line":45},"3":{"name":"(anonymous_3)","decl":{"start":{"line":59,"column":4},"end":{"line":59,"column":5}},"loc":{"start":{"line":59,"column":38},"end":{"line":70,"column":5}},"line":59},"4":{"name":"(anonymous_4)","decl":{"start":{"line":77,"column":4},"end":{"line":77,"column":5}},"loc":{"start":{"line":77,"column":38},"end":{"line":88,"column":5}},"line":77}},"branchMap":{"0":{"loc":{"start":{"line":30,"column":12},"end":{"line":34,"column":13}},"type":"if","locations":[{"start":{"line":30,"column":12},"end":{"line":34,"column":13}},{"start":{"line":32,"column":19},"end":{"line":34,"column":13}}],"line":30},"1":{"loc":{"start":{"line":62,"column":12},"end":{"line":66,"column":13}},"type":"if","locations":[{"start":{"line":62,"column":12},"end":{"line":66,"column":13}},{"start":{"line":64,"column":19},"end":{"line":66,"column":13}}],"line":62},"2":{"loc":{"start":{"line":80,"column":12},"end":{"line":84,"column":13}},"type":"if","locations":[{"start":{"line":80,"column":12},"end":{"line":84,"column":13}},{"start":{"line":82,"column":19},"end":{"line":84,"column":13}}],"line":80}},"s":{"0":0,"1":0,"2":0,"3":0,"4":0,"5":0,"6":0,"7":0,"8":0,"9":0,"10":0,"11":0,"12":0,"13":0,"14":0,"15":0,"16":0,"17":0,"18":0,"19":0,"20":0,"21":0,"22":0,"23":0,"24":0,"25":0,"26":0,"27":0},"f":{"0":0,"1":0,"2":0,"3":0,"4":0},"b":{"0":[0,0],"1":[0,0],"2":[0,0]}}
,"D:\\Honefoss vgs\\Football-Management-System\\backend\\controllers\\competitionTypeController.js": {"path":"D:\\Honefoss vgs\\Football-Management-System\\backend\\controllers\\competitionTypeController.js","statementMap":{"0":{"start":{"line":3,"column":31},"end":{"line":3,"column":76}},"1":{"start":{"line":10,"column":19},"end":{"line":17,"column":1}},"2":{"start":{"line":11,"column":4},"end":{"line":16,"column":5}},"3":{"start":{"line":12,"column":21},"end":{"line":12,"column":70}},"4":{"start":{"line":13,"column":8},"end":{"line":13,"column":35}},"5":{"start":{"line":15,"column":8},"end":{"line":15,"column":55}},"6":{"start":{"line":24,"column":19},"end":{"line":32,"column":1}},"7":{"start":{"line":25,"column":4},"end":{"line":31,"column":5}},"8":{"start":{"line":26,"column":23},"end":{"line":26,"column":40}},"9":{"start":{"line":27,"column":21},"end":{"line":27,"column":78}},"10":{"start":{"line":28,"column":8},"end":{"line":28,"column":35}},"11":{"start":{"line":30,"column":8},"end":{"line":30,"column":55}},"12":{"start":{"line":39,"column":19},"end":{"line":47,"column":1}},"13":{"start":{"line":40,"column":4},"end":{"line":46,"column":5}},"14":{"start":{"line":41,"column":23},"end":{"line":41,"column":40}},"15":{"start":{"line":42,"column":8},"end":{"line":42,"column":56}},"16":{"start":{"line":43,"column":8},"end":{"line":43,"column":31}},"17":{"start":{"line":45,"column":8},"end":{"line":45,"column":55}},"18":{"start":{"line":54,"column":20},"end":{"line":62,"column":1}},"19":{"start":{"line":55,"column":4},"end":{"line":61,"column":5}},"20":{"start":{"line":56,"column":23},"end":{"line":56,"column":40}},"21":{"start":{"line":57,"column":21},"end":{"line":57,"column":69}},"22":{"start":{"line":58,"column":8},"end":{"line":58,"column":35}},"23":{"start":{"line":60,"column":8},"end":{"line":60,"column":55}},"24":{"start":{"line":69,"column":22},"end":{"line":77,"column":1}},"25":{"start":{"line":70,"column":4},"end":{"line":76,"column":5}},"26":{"start":{"line":71,"column":25},"end":{"line":71,"column":44}},"27":{"start":{"line":72,"column":21},"end":{"line":72,"column":73}},"28":{"start":{"line":73,"column":8},"end":{"line":73,"column":35}},"29":{"start":{"line":75,"column":8},"end":{"line":75,"column":55}},"30":{"start":{"line":79,"column":0},"end":{"line":85,"column":2}}},"fnMap":{"0":{"name":"(anonymous_0)","decl":{"start":{"line":10,"column":19},"end":{"line":10,"column":20}},"loc":{"start":{"line":10,"column":39},"end":{"line":17,"column":1}},"line":10},"1":{"name":"(anonymous_1)","decl":{"start":{"line":24,"column":19},"end":{"line":24,"column":20}},"loc":{"start":{"line":24,"column":39},"end":{"line":32,"column":1}},"line":24},"2":{"name":"(anonymous_2)","decl":{"start":{"line":39,"column":19},"end":{"line":39,"column":20}},"loc":{"start":{"line":39,"column":39},"end":{"line":47,"column":1}},"line":39},"3":{"name":"(anonymous_3)","decl":{"start":{"line":54,"column":20},"end":{"line":54,"column":21}},"loc":{"start":{"line":54,"column":40},"end":{"line":62,"column":1}},"line":54},"4":{"name":"(anonymous_4)","decl":{"start":{"line":69,"column":22},"end":{"line":69,"column":23}},"loc":{"start":{"line":69,"column":42},"end":{"line":77,"column":1}},"line":69}},"branchMap":{},"s":{"0":0,"1":0,"2":0,"3":0,"4":0,"5":0,"6":0,"7":0,"8":0,"9":0,"10":0,"11":0,"12":0,"13":0,"14":0,"15":0,"16":0,"17":0,"18":0,"19":0,"20":0,"21":0,"22":0,"23":0,"24":0,"25":0,"26":0,"27":0,"28":0,"29":0,"30":0},"f":{"0":0,"1":0,"2":0,"3":0,"4":0},"b":{}}
,"D:\\Honefoss vgs\\Football-Management-System\\backend\\controllers\\competitionTypeTranslationsController.js": {"path":"D:\\Honefoss vgs\\Football-Management-System\\backend\\controllers\\competitionTypeTranslationsController.js","statementMap":{"0":{"start":{"line":1,"column":43},"end":{"line":1,"column":100}},"1":{"start":{"line":14,"column":8},"end":{"line":19,"column":9}},"2":{"start":{"line":15,"column":47},"end":{"line":15,"column":130}},"3":{"start":{"line":16,"column":12},"end":{"line":16,"column":61}},"4":{"start":{"line":18,"column":12},"end":{"line":18,"column":59}},"5":{"start":{"line":28,"column":8},"end":{"line":37,"column":9}},"6":{"start":{"line":29,"column":47},"end":{"line":29,"column":147}},"7":{"start":{"line":30,"column":12},"end":{"line":34,"column":13}},"8":{"start":{"line":31,"column":16},"end":{"line":31,"column":65}},"9":{"start":{"line":33,"column":16},"end":{"line":33,"column":92}},"10":{"start":{"line":36,"column":12},"end":{"line":36,"column":59}},"11":{"start":{"line":46,"column":8},"end":{"line":51,"column":9}},"12":{"start":{"line":47,"column":48},"end":{"line":47,"column":124}},"13":{"start":{"line":48,"column":12},"end":{"line":48,"column":62}},"14":{"start":{"line":50,"column":12},"end":{"line":50,"column":59}},"15":{"start":{"line":60,"column":8},"end":{"line":69,"column":9}},"16":{"start":{"line":61,"column":47},"end":{"line":61,"column":156}},"17":{"start":{"line":62,"column":12},"end":{"line":66,"column":13}},"18":{"start":{"line":63,"column":16},"end":{"line":63,"column":103}},"19":{"start":{"line":65,"column":16},"end":{"line":65,"column":92}},"20":{"start":{"line":68,"column":12},"end":{"line":68,"column":59}},"21":{"start":{"line":78,"column":8},"end":{"line":87,"column":9}},"22":{"start":{"line":79,"column":27},"end":{"line":79,"column":126}},"23":{"start":{"line":80,"column":12},"end":{"line":84,"column":13}},"24":{"start":{"line":81,"column":16},"end":{"line":81,"column":103}},"25":{"start":{"line":83,"column":16},"end":{"line":83,"column":92}},"26":{"start":{"line":86,"column":12},"end":{"line":86,"column":59}},"27":{"start":{"line":91,"column":0},"end":{"line":91,"column":61}}},"fnMap":{"0":{"name":"(anonymous_0)","decl":{"start":{"line":13,"column":4},"end":{"line":13,"column":5}},"loc":{"start":{"line":13,"column":53},"end":{"line":20,"column":5}},"line":13},"1":{"name":"(anonymous_1)","decl":{"start":{"line":27,"column":4},"end":{"line":27,"column":5}},"loc":{"start":{"line":27,"column":54},"end":{"line":38,"column":5}},"line":27},"2":{"name":"(anonymous_2)","decl":{"start":{"line":45,"column":4},"end":{"line":45,"column":5}},"loc":{"start":{"line":45,"column":54},"end":{"line":52,"column":5}},"line":45},"3":{"name":"(anonymous_3)","decl":{"start":{"line":59,"column":4},"end":{"line":59,"column":5}},"loc":{"start":{"line":59,"column":53},"end":{"line":70,"column":5}},"line":59},"4":{"name":"(anonymous_4)","decl":{"start":{"line":77,"column":4},"end":{"line":77,"column":5}},"loc":{"start":{"line":77,"column":53},"end":{"line":88,"column":5}},"line":77}},"branchMap":{"0":{"loc":{"start":{"line":30,"column":12},"end":{"line":34,"column":13}},"type":"if","locations":[{"start":{"line":30,"column":12},"end":{"line":34,"column":13}},{"start":{"line":32,"column":19},"end":{"line":34,"column":13}}],"line":30},"1":{"loc":{"start":{"line":62,"column":12},"end":{"line":66,"column":13}},"type":"if","locations":[{"start":{"line":62,"column":12},"end":{"line":66,"column":13}},{"start":{"line":64,"column":19},"end":{"line":66,"column":13}}],"line":62},"2":{"loc":{"start":{"line":80,"column":12},"end":{"line":84,"column":13}},"type":"if","locations":[{"start":{"line":80,"column":12},"end":{"line":84,"column":13}},{"start":{"line":82,"column":19},"end":{"line":84,"column":13}}],"line":80}},"s":{"0":0,"1":0,"2":0,"3":0,"4":0,"5":0,"6":0,"7":0,"8":0,"9":0,"10":0,"11":0,"12":0,"13":0,"14":0,"15":0,"16":0,"17":0,"18":0,"19":0,"20":0,"21":0,"22":0,"23":0,"24":0,"25":0,"26":0,"27":0},"f":{"0":0,"1":0,"2":0,"3":0,"4":0},"b":{"0":[0,0],"1":[0,0],"2":[0,0]}}
,"D:\\Honefoss vgs\\Football-Management-System\\backend\\controllers\\contractController.js": {"path":"D:\\Honefoss vgs\\Football-Management-System\\backend\\controllers\\contractController.js","statementMap":{"0":{"start":{"line":1,"column":24},"end":{"line":1,"column":62}},"1":{"start":{"line":14,"column":8},"end":{"line":19,"column":9}},"2":{"start":{"line":15,"column":29},"end":{"line":15,"column":75}},"3":{"start":{"line":16,"column":12},"end":{"line":16,"column":43}},"4":{"start":{"line":18,"column":12},"end":{"line":18,"column":59}},"5":{"start":{"line":28,"column":8},"end":{"line":37,"column":9}},"6":{"start":{"line":29,"column":29},"end":{"line":29,"column":89}},"7":{"start":{"line":30,"column":12},"end":{"line":34,"column":13}},"8":{"start":{"line":31,"column":16},"end":{"line":31,"column":47}},"9":{"start":{"line":33,"column":16},"end":{"line":33,"column":72}},"10":{"start":{"line":36,"column":12},"end":{"line":36,"column":59}},"11":{"start":{"line":46,"column":8},"end":{"line":51,"column":9}},"12":{"start":{"line":47,"column":30},"end":{"line":47,"column":69}},"13":{"start":{"line":48,"column":12},"end":{"line":48,"column":44}},"14":{"start":{"line":50,"column":12},"end":{"line":50,"column":59}},"15":{"start":{"line":60,"column":8},"end":{"line":69,"column":9}},"16":{"start":{"line":61,"column":29},"end":{"line":61,"column":98}},"17":{"start":{"line":62,"column":12},"end":{"line":66,"column":13}},"18":{"start":{"line":63,"column":16},"end":{"line":63,"column":83}},"19":{"start":{"line":65,"column":16},"end":{"line":65,"column":72}},"20":{"start":{"line":68,"column":12},"end":{"line":68,"column":59}},"21":{"start":{"line":78,"column":8},"end":{"line":87,"column":9}},"22":{"start":{"line":79,"column":27},"end":{"line":79,"column":86}},"23":{"start":{"line":80,"column":12},"end":{"line":84,"column":13}},"24":{"start":{"line":81,"column":16},"end":{"line":81,"column":83}},"25":{"start":{"line":83,"column":16},"end":{"line":83,"column":72}},"26":{"start":{"line":86,"column":12},"end":{"line":86,"column":59}},"27":{"start":{"line":91,"column":0},"end":{"line":91,"column":42}}},"fnMap":{"0":{"name":"(anonymous_0)","decl":{"start":{"line":13,"column":4},"end":{"line":13,"column":5}},"loc":{"start":{"line":13,"column":35},"end":{"line":20,"column":5}},"line":13},"1":{"name":"(anonymous_1)","decl":{"start":{"line":27,"column":4},"end":{"line":27,"column":5}},"loc":{"start":{"line":27,"column":36},"end":{"line":38,"column":5}},"line":27},"2":{"name":"(anonymous_2)","decl":{"start":{"line":45,"column":4},"end":{"line":45,"column":5}},"loc":{"start":{"line":45,"column":36},"end":{"line":52,"column":5}},"line":45},"3":{"name":"(anonymous_3)","decl":{"start":{"line":59,"column":4},"end":{"line":59,"column":5}},"loc":{"start":{"line":59,"column":35},"end":{"line":70,"column":5}},"line":59},"4":{"name":"(anonymous_4)","decl":{"start":{"line":77,"column":4},"end":{"line":77,"column":5}},"loc":{"start":{"line":77,"column":35},"end":{"line":88,"column":5}},"line":77}},"branchMap":{"0":{"loc":{"start":{"line":30,"column":12},"end":{"line":34,"column":13}},"type":"if","locations":[{"start":{"line":30,"column":12},"end":{"line":34,"column":13}},{"start":{"line":32,"column":19},"end":{"line":34,"column":13}}],"line":30},"1":{"loc":{"start":{"line":62,"column":12},"end":{"line":66,"column":13}},"type":"if","locations":[{"start":{"line":62,"column":12},"end":{"line":66,"column":13}},{"start":{"line":64,"column":19},"end":{"line":66,"column":13}}],"line":62},"2":{"loc":{"start":{"line":80,"column":12},"end":{"line":84,"column":13}},"type":"if","locations":[{"start":{"line":80,"column":12},"end":{"line":84,"column":13}},{"start":{"line":82,"column":19},"end":{"line":84,"column":13}}],"line":80}},"s":{"0":0,"1":0,"2":0,"3":0,"4":0,"5":0,"6":0,"7":0,"8":0,"9":0,"10":0,"11":0,"12":0,"13":0,"14":0,"15":0,"16":0,"17":0,"18":0,"19":0,"20":0,"21":0,"22":0,"23":0,"24":0,"25":0,"26":0,"27":0},"f":{"0":0,"1":0,"2":0,"3":0,"4":0},"b":{"0":[0,0],"1":[0,0],"2":[0,0]}}
,"D:\\Honefoss vgs\\Football-Management-System\\backend\\controllers\\countryController.js": {"path":"D:\\Honefoss vgs\\Football-Management-System\\backend\\controllers\\countryController.js","statementMap":{"0":{"start":{"line":1,"column":23},"end":{"line":1,"column":60}},"1":{"start":{"line":14,"column":8},"end":{"line":19,"column":9}},"2":{"start":{"line":15,"column":28},"end":{"line":15,"column":72}},"3":{"start":{"line":16,"column":12},"end":{"line":16,"column":42}},"4":{"start":{"line":18,"column":12},"end":{"line":18,"column":59}},"5":{"start":{"line":28,"column":8},"end":{"line":37,"column":9}},"6":{"start":{"line":29,"column":28},"end":{"line":29,"column":85}},"7":{"start":{"line":30,"column":12},"end":{"line":34,"column":13}},"8":{"start":{"line":31,"column":16},"end":{"line":31,"column":46}},"9":{"start":{"line":33,"column":16},"end":{"line":33,"column":71}},"10":{"start":{"line":36,"column":12},"end":{"line":36,"column":59}},"11":{"start":{"line":46,"column":8},"end":{"line":51,"column":9}},"12":{"start":{"line":47,"column":30},"end":{"line":47,"column":68}},"13":{"start":{"line":48,"column":12},"end":{"line":48,"column":44}},"14":{"start":{"line":50,"column":12},"end":{"line":50,"column":59}},"15":{"start":{"line":60,"column":8},"end":{"line":69,"column":9}},"16":{"start":{"line":61,"column":28},"end":{"line":61,"column":94}},"17":{"start":{"line":62,"column":12},"end":{"line":66,"column":13}},"18":{"start":{"line":63,"column":16},"end":{"line":63,"column":82}},"19":{"start":{"line":65,"column":16},"end":{"line":65,"column":71}},"20":{"start":{"line":68,"column":12},"end":{"line":68,"column":59}},"21":{"start":{"line":78,"column":8},"end":{"line":87,"column":9}},"22":{"start":{"line":79,"column":27},"end":{"line":79,"column":83}},"23":{"start":{"line":80,"column":12},"end":{"line":84,"column":13}},"24":{"start":{"line":81,"column":16},"end":{"line":81,"column":82}},"25":{"start":{"line":83,"column":16},"end":{"line":83,"column":71}},"26":{"start":{"line":86,"column":12},"end":{"line":86,"column":59}},"27":{"start":{"line":91,"column":0},"end":{"line":91,"column":41}}},"fnMap":{"0":{"name":"(anonymous_0)","decl":{"start":{"line":13,"column":4},"end":{"line":13,"column":5}},"loc":{"start":{"line":13,"column":34},"end":{"line":20,"column":5}},"line":13},"1":{"name":"(anonymous_1)","decl":{"start":{"line":27,"column":4},"end":{"line":27,"column":5}},"loc":{"start":{"line":27,"column":35},"end":{"line":38,"column":5}},"line":27},"2":{"name":"(anonymous_2)","decl":{"start":{"line":45,"column":4},"end":{"line":45,"column":5}},"loc":{"start":{"line":45,"column":36},"end":{"line":52,"column":5}},"line":45},"3":{"name":"(anonymous_3)","decl":{"start":{"line":59,"column":4},"end":{"line":59,"column":5}},"loc":{"start":{"line":59,"column":34},"end":{"line":70,"column":5}},"line":59},"4":{"name":"(anonymous_4)","decl":{"start":{"line":77,"column":4},"end":{"line":77,"column":5}},"loc":{"start":{"line":77,"column":34},"end":{"line":88,"column":5}},"line":77}},"branchMap":{"0":{"loc":{"start":{"line":30,"column":12},"end":{"line":34,"column":13}},"type":"if","locations":[{"start":{"line":30,"column":12},"end":{"line":34,"column":13}},{"start":{"line":32,"column":19},"end":{"line":34,"column":13}}],"line":30},"1":{"loc":{"start":{"line":62,"column":12},"end":{"line":66,"column":13}},"type":"if","locations":[{"start":{"line":62,"column":12},"end":{"line":66,"column":13}},{"start":{"line":64,"column":19},"end":{"line":66,"column":13}}],"line":62},"2":{"loc":{"start":{"line":80,"column":12},"end":{"line":84,"column":13}},"type":"if","locations":[{"start":{"line":80,"column":12},"end":{"line":84,"column":13}},{"start":{"line":82,"column":19},"end":{"line":84,"column":13}}],"line":80}},"s":{"0":0,"1":0,"2":0,"3":0,"4":0,"5":0,"6":0,"7":0,"8":0,"9":0,"10":0,"11":0,"12":0,"13":0,"14":0,"15":0,"16":0,"17":0,"18":0,"19":0,"20":0,"21":0,"22":0,"23":0,"24":0,"25":0,"26":0,"27":0},"f":{"0":0,"1":0,"2":0,"3":0,"4":0},"b":{"0":[0,0],"1":[0,0],"2":[0,0]}}
,"D:\\Honefoss vgs\\Football-Management-System\\backend\\controllers\\currencyController.js": {"path":"D:\\Honefoss vgs\\Football-Management-System\\backend\\controllers\\currencyController.js","statementMap":{"0":{"start":{"line":1,"column":24},"end":{"line":1,"column":62}},"1":{"start":{"line":14,"column":8},"end":{"line":19,"column":9}},"2":{"start":{"line":15,"column":29},"end":{"line":15,"column":75}},"3":{"start":{"line":16,"column":12},"end":{"line":16,"column":43}},"4":{"start":{"line":18,"column":12},"end":{"line":18,"column":59}},"5":{"start":{"line":28,"column":8},"end":{"line":37,"column":9}},"6":{"start":{"line":29,"column":29},"end":{"line":29,"column":93}},"7":{"start":{"line":30,"column":12},"end":{"line":34,"column":13}},"8":{"start":{"line":31,"column":16},"end":{"line":31,"column":47}},"9":{"start":{"line":33,"column":16},"end":{"line":33,"column":72}},"10":{"start":{"line":36,"column":12},"end":{"line":36,"column":59}},"11":{"start":{"line":46,"column":8},"end":{"line":51,"column":9}},"12":{"start":{"line":47,"column":31},"end":{"line":47,"column":71}},"13":{"start":{"line":48,"column":12},"end":{"line":48,"column":45}},"14":{"start":{"line":50,"column":12},"end":{"line":50,"column":59}},"15":{"start":{"line":60,"column":8},"end":{"line":69,"column":9}},"16":{"start":{"line":61,"column":29},"end":{"line":61,"column":100}},"17":{"start":{"line":62,"column":12},"end":{"line":66,"column":13}},"18":{"start":{"line":63,"column":16},"end":{"line":63,"column":83}},"19":{"start":{"line":65,"column":16},"end":{"line":65,"column":72}},"20":{"start":{"line":68,"column":12},"end":{"line":68,"column":59}},"21":{"start":{"line":78,"column":8},"end":{"line":87,"column":9}},"22":{"start":{"line":79,"column":27},"end":{"line":79,"column":88}},"23":{"start":{"line":80,"column":12},"end":{"line":84,"column":13}},"24":{"start":{"line":81,"column":16},"end":{"line":81,"column":83}},"25":{"start":{"line":83,"column":16},"end":{"line":83,"column":72}},"26":{"start":{"line":86,"column":12},"end":{"line":86,"column":59}},"27":{"start":{"line":91,"column":0},"end":{"line":91,"column":42}}},"fnMap":{"0":{"name":"(anonymous_0)","decl":{"start":{"line":13,"column":4},"end":{"line":13,"column":5}},"loc":{"start":{"line":13,"column":35},"end":{"line":20,"column":5}},"line":13},"1":{"name":"(anonymous_1)","decl":{"start":{"line":27,"column":4},"end":{"line":27,"column":5}},"loc":{"start":{"line":27,"column":38},"end":{"line":38,"column":5}},"line":27},"2":{"name":"(anonymous_2)","decl":{"start":{"line":45,"column":4},"end":{"line":45,"column":5}},"loc":{"start":{"line":45,"column":37},"end":{"line":52,"column":5}},"line":45},"3":{"name":"(anonymous_3)","decl":{"start":{"line":59,"column":4},"end":{"line":59,"column":5}},"loc":{"start":{"line":59,"column":35},"end":{"line":70,"column":5}},"line":59},"4":{"name":"(anonymous_4)","decl":{"start":{"line":77,"column":4},"end":{"line":77,"column":5}},"loc":{"start":{"line":77,"column":35},"end":{"line":88,"column":5}},"line":77}},"branchMap":{"0":{"loc":{"start":{"line":30,"column":12},"end":{"line":34,"column":13}},"type":"if","locations":[{"start":{"line":30,"column":12},"end":{"line":34,"column":13}},{"start":{"line":32,"column":19},"end":{"line":34,"column":13}}],"line":30},"1":{"loc":{"start":{"line":62,"column":12},"end":{"line":66,"column":13}},"type":"if","locations":[{"start":{"line":62,"column":12},"end":{"line":66,"column":13}},{"start":{"line":64,"column":19},"end":{"line":66,"column":13}}],"line":62},"2":{"loc":{"start":{"line":80,"column":12},"end":{"line":84,"column":13}},"type":"if","locations":[{"start":{"line":80,"column":12},"end":{"line":84,"column":13}},{"start":{"line":82,"column":19},"end":{"line":84,"column":13}}],"line":80}},"s":{"0":0,"1":0,"2":0,"3":0,"4":0,"5":0,"6":0,"7":0,"8":0,"9":0,"10":0,"11":0,"12":0,"13":0,"14":0,"15":0,"16":0,"17":0,"18":0,"19":0,"20":0,"21":0,"22":0,"23":0,"24":0,"25":0,"26":0,"27":0},"f":{"0":0,"1":0,"2":0,"3":0,"4":0},"b":{"0":[0,0],"1":[0,0],"2":[0,0]}}
,"D:\\Honefoss vgs\\Football-Management-System\\backend\\controllers\\gameController.js": {"path":"D:\\Honefoss vgs\\Football-Management-System\\backend\\controllers\\gameController.js","statementMap":{"0":{"start":{"line":1,"column":20},"end":{"line":1,"column":54}},"1":{"start":{"line":14,"column":8},"end":{"line":19,"column":9}},"2":{"start":{"line":15,"column":25},"end":{"line":15,"column":63}},"3":{"start":{"line":16,"column":12},"end":{"line":16,"column":39}},"4":{"start":{"line":18,"column":12},"end":{"line":18,"column":59}},"5":{"start":{"line":28,"column":8},"end":{"line":37,"column":9}},"6":{"start":{"line":29,"column":25},"end":{"line":29,"column":73}},"7":{"start":{"line":30,"column":12},"end":{"line":34,"column":13}},"8":{"start":{"line":31,"column":16},"end":{"line":31,"column":43}},"9":{"start":{"line":33,"column":16},"end":{"line":33,"column":68}},"10":{"start":{"line":36,"column":12},"end":{"line":36,"column":59}},"11":{"start":{"line":46,"column":8},"end":{"line":51,"column":9}},"12":{"start":{"line":47,"column":26},"end":{"line":47,"column":57}},"13":{"start":{"line":48,"column":12},"end":{"line":48,"column":40}},"14":{"start":{"line":50,"column":12},"end":{"line":50,"column":59}},"15":{"start":{"line":60,"column":8},"end":{"line":69,"column":9}},"16":{"start":{"line":61,"column":25},"end":{"line":61,"column":82}},"17":{"start":{"line":62,"column":12},"end":{"line":66,"column":13}},"18":{"start":{"line":63,"column":16},"end":{"line":63,"column":79}},"19":{"start":{"line":65,"column":16},"end":{"line":65,"column":68}},"20":{"start":{"line":68,"column":12},"end":{"line":68,"column":59}},"21":{"start":{"line":78,"column":8},"end":{"line":87,"column":9}},"22":{"start":{"line":79,"column":27},"end":{"line":79,"column":74}},"23":{"start":{"line":80,"column":12},"end":{"line":84,"column":13}},"24":{"start":{"line":81,"column":16},"end":{"line":81,"column":79}},"25":{"start":{"line":83,"column":16},"end":{"line":83,"column":68}},"26":{"start":{"line":86,"column":12},"end":{"line":86,"column":59}},"27":{"start":{"line":91,"column":0},"end":{"line":91,"column":38}}},"fnMap":{"0":{"name":"(anonymous_0)","decl":{"start":{"line":13,"column":4},"end":{"line":13,"column":5}},"loc":{"start":{"line":13,"column":31},"end":{"line":20,"column":5}},"line":13},"1":{"name":"(anonymous_1)","decl":{"start":{"line":27,"column":4},"end":{"line":27,"column":5}},"loc":{"start":{"line":27,"column":32},"end":{"line":38,"column":5}},"line":27},"2":{"name":"(anonymous_2)","decl":{"start":{"line":45,"column":4},"end":{"line":45,"column":5}},"loc":{"start":{"line":45,"column":32},"end":{"line":52,"column":5}},"line":45},"3":{"name":"(anonymous_3)","decl":{"start":{"line":59,"column":4},"end":{"line":59,"column":5}},"loc":{"start":{"line":59,"column":31},"end":{"line":70,"column":5}},"line":59},"4":{"name":"(anonymous_4)","decl":{"start":{"line":77,"column":4},"end":{"line":77,"column":5}},"loc":{"start":{"line":77,"column":31},"end":{"line":88,"column":5}},"line":77}},"branchMap":{"0":{"loc":{"start":{"line":30,"column":12},"end":{"line":34,"column":13}},"type":"if","locations":[{"start":{"line":30,"column":12},"end":{"line":34,"column":13}},{"start":{"line":32,"column":19},"end":{"line":34,"column":13}}],"line":30},"1":{"loc":{"start":{"line":62,"column":12},"end":{"line":66,"column":13}},"type":"if","locations":[{"start":{"line":62,"column":12},"end":{"line":66,"column":13}},{"start":{"line":64,"column":19},"end":{"line":66,"column":13}}],"line":62},"2":{"loc":{"start":{"line":80,"column":12},"end":{"line":84,"column":13}},"type":"if","locations":[{"start":{"line":80,"column":12},"end":{"line":84,"column":13}},{"start":{"line":82,"column":19},"end":{"line":84,"column":13}}],"line":80}},"s":{"0":0,"1":0,"2":0,"3":0,"4":0,"5":0,"6":0,"7":0,"8":0,"9":0,"10":0,"11":0,"12":0,"13":0,"14":0,"15":0,"16":0,"17":0,"18":0,"19":0,"20":0,"21":0,"22":0,"23":0,"24":0,"25":0,"26":0,"27":0},"f":{"0":0,"1":0,"2":0,"3":0,"4":0},"b":{"0":[0,0],"1":[0,0],"2":[0,0]}}
,"D:\\Honefoss vgs\\Football-Management-System\\backend\\controllers\\gameEventController.js": {"path":"D:\\Honefoss vgs\\Football-Management-System\\backend\\controllers\\gameEventController.js","statementMap":{"0":{"start":{"line":1,"column":25},"end":{"line":1,"column":64}},"1":{"start":{"line":14,"column":8},"end":{"line":19,"column":9}},"2":{"start":{"line":15,"column":30},"end":{"line":15,"column":78}},"3":{"start":{"line":16,"column":12},"end":{"line":16,"column":44}},"4":{"start":{"line":18,"column":12},"end":{"line":18,"column":59}},"5":{"start":{"line":28,"column":8},"end":{"line":37,"column":9}},"6":{"start":{"line":29,"column":30},"end":{"line":29,"column":89}},"7":{"start":{"line":30,"column":12},"end":{"line":34,"column":13}},"8":{"start":{"line":31,"column":16},"end":{"line":31,"column":48}},"9":{"start":{"line":33,"column":16},"end":{"line":33,"column":74}},"10":{"start":{"line":36,"column":12},"end":{"line":36,"column":59}},"11":{"start":{"line":46,"column":8},"end":{"line":51,"column":9}},"12":{"start":{"line":47,"column":31},"end":{"line":47,"column":72}},"13":{"start":{"line":48,"column":12},"end":{"line":48,"column":45}},"14":{"start":{"line":50,"column":12},"end":{"line":50,"column":59}},"15":{"start":{"line":60,"column":8},"end":{"line":69,"column":9}},"16":{"start":{"line":61,"column":30},"end":{"line":61,"column":98}},"17":{"start":{"line":62,"column":12},"end":{"line":66,"column":13}},"18":{"start":{"line":63,"column":16},"end":{"line":63,"column":85}},"19":{"start":{"line":65,"column":16},"end":{"line":65,"column":74}},"20":{"start":{"line":68,"column":12},"end":{"line":68,"column":59}},"21":{"start":{"line":78,"column":8},"end":{"line":87,"column":9}},"22":{"start":{"line":79,"column":27},"end":{"line":79,"column":85}},"23":{"start":{"line":80,"column":12},"end":{"line":84,"column":13}},"24":{"start":{"line":81,"column":16},"end":{"line":81,"column":85}},"25":{"start":{"line":83,"column":16},"end":{"line":83,"column":74}},"26":{"start":{"line":86,"column":12},"end":{"line":86,"column":59}},"27":{"start":{"line":91,"column":0},"end":{"line":91,"column":43}}},"fnMap":{"0":{"name":"(anonymous_0)","decl":{"start":{"line":13,"column":4},"end":{"line":13,"column":5}},"loc":{"start":{"line":13,"column":36},"end":{"line":20,"column":5}},"line":13},"1":{"name":"(anonymous_1)","decl":{"start":{"line":27,"column":4},"end":{"line":27,"column":5}},"loc":{"start":{"line":27,"column":37},"end":{"line":38,"column":5}},"line":27},"2":{"name":"(anonymous_2)","decl":{"start":{"line":45,"column":4},"end":{"line":45,"column":5}},"loc":{"start":{"line":45,"column":37},"end":{"line":52,"column":5}},"line":45},"3":{"name":"(anonymous_3)","decl":{"start":{"line":59,"column":4},"end":{"line":59,"column":5}},"loc":{"start":{"line":59,"column":36},"end":{"line":70,"column":5}},"line":59},"4":{"name":"(anonymous_4)","decl":{"start":{"line":77,"column":4},"end":{"line":77,"column":5}},"loc":{"start":{"line":77,"column":36},"end":{"line":88,"column":5}},"line":77}},"branchMap":{"0":{"loc":{"start":{"line":30,"column":12},"end":{"line":34,"column":13}},"type":"if","locations":[{"start":{"line":30,"column":12},"end":{"line":34,"column":13}},{"start":{"line":32,"column":19},"end":{"line":34,"column":13}}],"line":30},"1":{"loc":{"start":{"line":62,"column":12},"end":{"line":66,"column":13}},"type":"if","locations":[{"start":{"line":62,"column":12},"end":{"line":66,"column":13}},{"start":{"line":64,"column":19},"end":{"line":66,"column":13}}],"line":62},"2":{"loc":{"start":{"line":80,"column":12},"end":{"line":84,"column":13}},"type":"if","locations":[{"start":{"line":80,"column":12},"end":{"line":84,"column":13}},{"start":{"line":82,"column":19},"end":{"line":84,"column":13}}],"line":80}},"s":{"0":0,"1":0,"2":0,"3":0,"4":0,"5":0,"6":0,"7":0,"8":0,"9":0,"10":0,"11":0,"12":0,"13":0,"14":0,"15":0,"16":0,"17":0,"18":0,"19":0,"20":0,"21":0,"22":0,"23":0,"24":0,"25":0,"26":0,"27":0},"f":{"0":0,"1":0,"2":0,"3":0,"4":0},"b":{"0":[0,0],"1":[0,0],"2":[0,0]}}
,"D:\\Honefoss vgs\\Football-Management-System\\backend\\controllers\\gameStatusController.js": {"path":"D:\\Honefoss vgs\\Football-Management-System\\backend\\controllers\\gameStatusController.js","statementMap":{"0":{"start":{"line":2,"column":26},"end":{"line":2,"column":66}},"1":{"start":{"line":9,"column":21},"end":{"line":16,"column":1}},"2":{"start":{"line":10,"column":4},"end":{"line":15,"column":5}},"3":{"start":{"line":11,"column":23},"end":{"line":11,"column":69}},"4":{"start":{"line":12,"column":8},"end":{"line":12,"column":37}},"5":{"start":{"line":14,"column":8},"end":{"line":14,"column":55}},"6":{"start":{"line":23,"column":21},"end":{"line":31,"column":1}},"7":{"start":{"line":24,"column":4},"end":{"line":30,"column":5}},"8":{"start":{"line":25,"column":25},"end":{"line":25,"column":44}},"9":{"start":{"line":26,"column":23},"end":{"line":26,"column":79}},"10":{"start":{"line":27,"column":8},"end":{"line":27,"column":37}},"11":{"start":{"line":29,"column":8},"end":{"line":29,"column":55}},"12":{"start":{"line":38,"column":21},"end":{"line":46,"column":1}},"13":{"start":{"line":39,"column":4},"end":{"line":45,"column":5}},"14":{"start":{"line":40,"column":25},"end":{"line":40,"column":44}},"15":{"start":{"line":41,"column":8},"end":{"line":41,"column":55}},"16":{"start":{"line":42,"column":8},"end":{"line":42,"column":31}},"17":{"start":{"line":44,"column":8},"end":{"line":44,"column":55}},"18":{"start":{"line":53,"column":22},"end":{"line":61,"column":1}},"19":{"start":{"line":54,"column":4},"end":{"line":60,"column":5}},"20":{"start":{"line":55,"column":25},"end":{"line":55,"column":44}},"21":{"start":{"line":56,"column":23},"end":{"line":56,"column":70}},"22":{"start":{"line":57,"column":8},"end":{"line":57,"column":37}},"23":{"start":{"line":59,"column":8},"end":{"line":59,"column":55}},"24":{"start":{"line":68,"column":24},"end":{"line":76,"column":1}},"25":{"start":{"line":69,"column":4},"end":{"line":75,"column":5}},"26":{"start":{"line":70,"column":27},"end":{"line":70,"column":48}},"27":{"start":{"line":71,"column":23},"end":{"line":71,"column":74}},"28":{"start":{"line":72,"column":8},"end":{"line":72,"column":37}},"29":{"start":{"line":74,"column":8},"end":{"line":74,"column":55}},"30":{"start":{"line":78,"column":0},"end":{"line":84,"column":2}}},"fnMap":{"0":{"name":"(anonymous_0)","decl":{"start":{"line":9,"column":21},"end":{"line":9,"column":22}},"loc":{"start":{"line":9,"column":41},"end":{"line":16,"column":1}},"line":9},"1":{"name":"(anonymous_1)","decl":{"start":{"line":23,"column":21},"end":{"line":23,"column":22}},"loc":{"start":{"line":23,"column":41},"end":{"line":31,"column":1}},"line":23},"2":{"name":"(anonymous_2)","decl":{"start":{"line":38,"column":21},"end":{"line":38,"column":22}},"loc":{"start":{"line":38,"column":41},"end":{"line":46,"column":1}},"line":38},"3":{"name":"(anonymous_3)","decl":{"start":{"line":53,"column":22},"end":{"line":53,"column":23}},"loc":{"start":{"line":53,"column":42},"end":{"line":61,"column":1}},"line":53},"4":{"name":"(anonymous_4)","decl":{"start":{"line":68,"column":24},"end":{"line":68,"column":25}},"loc":{"start":{"line":68,"column":44},"end":{"line":76,"column":1}},"line":68}},"branchMap":{},"s":{"0":0,"1":0,"2":0,"3":0,"4":0,"5":0,"6":0,"7":0,"8":0,"9":0,"10":0,"11":0,"12":0,"13":0,"14":0,"15":0,"16":0,"17":0,"18":0,"19":0,"20":0,"21":0,"22":0,"23":0,"24":0,"25":0,"26":0,"27":0,"28":0,"29":0,"30":0},"f":{"0":0,"1":0,"2":0,"3":0,"4":0},"b":{}}
,"D:\\Honefoss vgs\\Football-Management-System\\backend\\controllers\\gameStatusTranslationsController.js": {"path":"D:\\Honefoss vgs\\Football-Management-System\\backend\\controllers\\gameStatusTranslationsController.js","statementMap":{"0":{"start":{"line":1,"column":38},"end":{"line":1,"column":90}},"1":{"start":{"line":14,"column":8},"end":{"line":19,"column":9}},"2":{"start":{"line":15,"column":42},"end":{"line":15,"column":115}},"3":{"start":{"line":16,"column":12},"end":{"line":16,"column":56}},"4":{"start":{"line":18,"column":12},"end":{"line":18,"column":59}},"5":{"start":{"line":28,"column":8},"end":{"line":37,"column":9}},"6":{"start":{"line":29,"column":42},"end":{"line":29,"column":132}},"7":{"start":{"line":30,"column":12},"end":{"line":34,"column":13}},"8":{"start":{"line":31,"column":16},"end":{"line":31,"column":60}},"9":{"start":{"line":33,"column":16},"end":{"line":33,"column":87}},"10":{"start":{"line":36,"column":12},"end":{"line":36,"column":59}},"11":{"start":{"line":46,"column":8},"end":{"line":51,"column":9}},"12":{"start":{"line":47,"column":43},"end":{"line":47,"column":109}},"13":{"start":{"line":48,"column":12},"end":{"line":48,"column":57}},"14":{"start":{"line":50,"column":12},"end":{"line":50,"column":59}},"15":{"start":{"line":60,"column":8},"end":{"line":69,"column":9}},"16":{"start":{"line":61,"column":42},"end":{"line":61,"column":141}},"17":{"start":{"line":62,"column":12},"end":{"line":66,"column":13}},"18":{"start":{"line":63,"column":16},"end":{"line":63,"column":98}},"19":{"start":{"line":65,"column":16},"end":{"line":65,"column":87}},"20":{"start":{"line":68,"column":12},"end":{"line":68,"column":59}},"21":{"start":{"line":78,"column":8},"end":{"line":87,"column":9}},"22":{"start":{"line":79,"column":27},"end":{"line":79,"column":116}},"23":{"start":{"line":80,"column":12},"end":{"line":84,"column":13}},"24":{"start":{"line":81,"column":16},"end":{"line":81,"column":98}},"25":{"start":{"line":83,"column":16},"end":{"line":83,"column":87}},"26":{"start":{"line":86,"column":12},"end":{"line":86,"column":59}},"27":{"start":{"line":91,"column":0},"end":{"line":91,"column":56}}},"fnMap":{"0":{"name":"(anonymous_0)","decl":{"start":{"line":13,"column":4},"end":{"line":13,"column":5}},"loc":{"start":{"line":13,"column":48},"end":{"line":20,"column":5}},"line":13},"1":{"name":"(anonymous_1)","decl":{"start":{"line":27,"column":4},"end":{"line":27,"column":5}},"loc":{"start":{"line":27,"column":49},"end":{"line":38,"column":5}},"line":27},"2":{"name":"(anonymous_2)","decl":{"start":{"line":45,"column":4},"end":{"line":45,"column":5}},"loc":{"start":{"line":45,"column":49},"end":{"line":52,"column":5}},"line":45},"3":{"name":"(anonymous_3)","decl":{"start":{"line":59,"column":4},"end":{"line":59,"column":5}},"loc":{"start":{"line":59,"column":48},"end":{"line":70,"column":5}},"line":59},"4":{"name":"(anonymous_4)","decl":{"start":{"line":77,"column":4},"end":{"line":77,"column":5}},"loc":{"start":{"line":77,"column":48},"end":{"line":88,"column":5}},"line":77}},"branchMap":{"0":{"loc":{"start":{"line":30,"column":12},"end":{"line":34,"column":13}},"type":"if","locations":[{"start":{"line":30,"column":12},"end":{"line":34,"column":13}},{"start":{"line":32,"column":19},"end":{"line":34,"column":13}}],"line":30},"1":{"loc":{"start":{"line":62,"column":12},"end":{"line":66,"column":13}},"type":"if","locations":[{"start":{"line":62,"column":12},"end":{"line":66,"column":13}},{"start":{"line":64,"column":19},"end":{"line":66,"column":13}}],"line":62},"2":{"loc":{"start":{"line":80,"column":12},"end":{"line":84,"column":13}},"type":"if","locations":[{"start":{"line":80,"column":12},"end":{"line":84,"column":13}},{"start":{"line":82,"column":19},"end":{"line":84,"column":13}}],"line":80}},"s":{"0":0,"1":0,"2":0,"3":0,"4":0,"5":0,"6":0,"7":0,"8":0,"9":0,"10":0,"11":0,"12":0,"13":0,"14":0,"15":0,"16":0,"17":0,"18":0,"19":0,"20":0,"21":0,"22":0,"23":0,"24":0,"25":0,"26":0,"27":0},"f":{"0":0,"1":0,"2":0,"3":0,"4":0},"b":{"0":[0,0],"1":[0,0],"2":[0,0]}}
,"D:\\Honefoss vgs\\Football-Management-System\\backend\\controllers\\goalController.js": {"path":"D:\\Honefoss vgs\\Football-Management-System\\backend\\controllers\\goalController.js","statementMap":{"0":{"start":{"line":1,"column":20},"end":{"line":1,"column":54}},"1":{"start":{"line":14,"column":8},"end":{"line":19,"column":9}},"2":{"start":{"line":15,"column":25},"end":{"line":15,"column":63}},"3":{"start":{"line":16,"column":12},"end":{"line":16,"column":39}},"4":{"start":{"line":18,"column":12},"end":{"line":18,"column":59}},"5":{"start":{"line":28,"column":8},"end":{"line":37,"column":9}},"6":{"start":{"line":29,"column":25},"end":{"line":29,"column":73}},"7":{"start":{"line":30,"column":12},"end":{"line":34,"column":13}},"8":{"start":{"line":31,"column":16},"end":{"line":31,"column":43}},"9":{"start":{"line":33,"column":16},"end":{"line":33,"column":68}},"10":{"start":{"line":36,"column":12},"end":{"line":36,"column":59}},"11":{"start":{"line":46,"column":8},"end":{"line":51,"column":9}},"12":{"start":{"line":47,"column":26},"end":{"line":47,"column":57}},"13":{"start":{"line":48,"column":12},"end":{"line":48,"column":40}},"14":{"start":{"line":50,"column":12},"end":{"line":50,"column":59}},"15":{"start":{"line":60,"column":8},"end":{"line":69,"column":9}},"16":{"start":{"line":61,"column":25},"end":{"line":61,"column":82}},"17":{"start":{"line":62,"column":12},"end":{"line":66,"column":13}},"18":{"start":{"line":63,"column":16},"end":{"line":63,"column":79}},"19":{"start":{"line":65,"column":16},"end":{"line":65,"column":68}},"20":{"start":{"line":68,"column":12},"end":{"line":68,"column":59}},"21":{"start":{"line":78,"column":8},"end":{"line":87,"column":9}},"22":{"start":{"line":79,"column":27},"end":{"line":79,"column":74}},"23":{"start":{"line":80,"column":12},"end":{"line":84,"column":13}},"24":{"start":{"line":81,"column":16},"end":{"line":81,"column":79}},"25":{"start":{"line":83,"column":16},"end":{"line":83,"column":68}},"26":{"start":{"line":86,"column":12},"end":{"line":86,"column":59}},"27":{"start":{"line":91,"column":0},"end":{"line":91,"column":38}}},"fnMap":{"0":{"name":"(anonymous_0)","decl":{"start":{"line":13,"column":4},"end":{"line":13,"column":5}},"loc":{"start":{"line":13,"column":31},"end":{"line":20,"column":5}},"line":13},"1":{"name":"(anonymous_1)","decl":{"start":{"line":27,"column":4},"end":{"line":27,"column":5}},"loc":{"start":{"line":27,"column":32},"end":{"line":38,"column":5}},"line":27},"2":{"name":"(anonymous_2)","decl":{"start":{"line":45,"column":4},"end":{"line":45,"column":5}},"loc":{"start":{"line":45,"column":32},"end":{"line":52,"column":5}},"line":45},"3":{"name":"(anonymous_3)","decl":{"start":{"line":59,"column":4},"end":{"line":59,"column":5}},"loc":{"start":{"line":59,"column":31},"end":{"line":70,"column":5}},"line":59},"4":{"name":"(anonymous_4)","decl":{"start":{"line":77,"column":4},"end":{"line":77,"column":5}},"loc":{"start":{"line":77,"column":31},"end":{"line":88,"column":5}},"line":77}},"branchMap":{"0":{"loc":{"start":{"line":30,"column":12},"end":{"line":34,"column":13}},"type":"if","locations":[{"start":{"line":30,"column":12},"end":{"line":34,"column":13}},{"start":{"line":32,"column":19},"end":{"line":34,"column":13}}],"line":30},"1":{"loc":{"start":{"line":62,"column":12},"end":{"line":66,"column":13}},"type":"if","locations":[{"start":{"line":62,"column":12},"end":{"line":66,"column":13}},{"start":{"line":64,"column":19},"end":{"line":66,"column":13}}],"line":62},"2":{"loc":{"start":{"line":80,"column":12},"end":{"line":84,"column":13}},"type":"if","locations":[{"start":{"line":80,"column":12},"end":{"line":84,"column":13}},{"start":{"line":82,"column":19},"end":{"line":84,"column":13}}],"line":80}},"s":{"0":0,"1":0,"2":0,"3":0,"4":0,"5":0,"6":0,"7":0,"8":0,"9":0,"10":0,"11":0,"12":0,"13":0,"14":0,"15":0,"16":0,"17":0,"18":0,"19":0,"20":0,"21":0,"22":0,"23":0,"24":0,"25":0,"26":0,"27":0},"f":{"0":0,"1":0,"2":0,"3":0,"4":0},"b":{"0":[0,0],"1":[0,0],"2":[0,0]}}
,"D:\\Honefoss vgs\\Football-Management-System\\backend\\controllers\\leagueFormatController.js": {"path":"D:\\Honefoss vgs\\Football-Management-System\\backend\\controllers\\leagueFormatController.js","statementMap":{"0":{"start":{"line":1,"column":28},"end":{"line":1,"column":70}},"1":{"start":{"line":14,"column":8},"end":{"line":19,"column":9}},"2":{"start":{"line":15,"column":33},"end":{"line":15,"column":87}},"3":{"start":{"line":16,"column":12},"end":{"line":16,"column":47}},"4":{"start":{"line":18,"column":12},"end":{"line":18,"column":59}},"5":{"start":{"line":28,"column":8},"end":{"line":37,"column":9}},"6":{"start":{"line":29,"column":33},"end":{"line":29,"column":99}},"7":{"start":{"line":30,"column":12},"end":{"line":34,"column":13}},"8":{"start":{"line":31,"column":16},"end":{"line":31,"column":51}},"9":{"start":{"line":33,"column":16},"end":{"line":33,"column":77}},"10":{"start":{"line":36,"column":12},"end":{"line":36,"column":59}},"11":{"start":{"line":46,"column":8},"end":{"line":51,"column":9}},"12":{"start":{"line":47,"column":34},"end":{"line":47,"column":81}},"13":{"start":{"line":48,"column":12},"end":{"line":48,"column":48}},"14":{"start":{"line":50,"column":12},"end":{"line":50,"column":59}},"15":{"start":{"line":60,"column":8},"end":{"line":69,"column":9}},"16":{"start":{"line":61,"column":33},"end":{"line":61,"column":108}},"17":{"start":{"line":62,"column":12},"end":{"line":66,"column":13}},"18":{"start":{"line":63,"column":16},"end":{"line":63,"column":88}},"19":{"start":{"line":65,"column":16},"end":{"line":65,"column":77}},"20":{"start":{"line":68,"column":12},"end":{"line":68,"column":59}},"21":{"start":{"line":78,"column":8},"end":{"line":87,"column":9}},"22":{"start":{"line":79,"column":27},"end":{"line":79,"column":92}},"23":{"start":{"line":80,"column":12},"end":{"line":84,"column":13}},"24":{"start":{"line":81,"column":16},"end":{"line":81,"column":88}},"25":{"start":{"line":83,"column":16},"end":{"line":83,"column":77}},"26":{"start":{"line":86,"column":12},"end":{"line":86,"column":59}},"27":{"start":{"line":91,"column":0},"end":{"line":91,"column":46}}},"fnMap":{"0":{"name":"(anonymous_0)","decl":{"start":{"line":13,"column":4},"end":{"line":13,"column":5}},"loc":{"start":{"line":13,"column":39},"end":{"line":20,"column":5}},"line":13},"1":{"name":"(anonymous_1)","decl":{"start":{"line":27,"column":4},"end":{"line":27,"column":5}},"loc":{"start":{"line":27,"column":40},"end":{"line":38,"column":5}},"line":27},"2":{"name":"(anonymous_2)","decl":{"start":{"line":45,"column":4},"end":{"line":45,"column":5}},"loc":{"start":{"line":45,"column":40},"end":{"line":52,"column":5}},"line":45},"3":{"name":"(anonymous_3)","decl":{"start":{"line":59,"column":4},"end":{"line":59,"column":5}},"loc":{"start":{"line":59,"column":39},"end":{"line":70,"column":5}},"line":59},"4":{"name":"(anonymous_4)","decl":{"start":{"line":77,"column":4},"end":{"line":77,"column":5}},"loc":{"start":{"line":77,"column":39},"end":{"line":88,"column":5}},"line":77}},"branchMap":{"0":{"loc":{"start":{"line":30,"column":12},"end":{"line":34,"column":13}},"type":"if","locations":[{"start":{"line":30,"column":12},"end":{"line":34,"column":13}},{"start":{"line":32,"column":19},"end":{"line":34,"column":13}}],"line":30},"1":{"loc":{"start":{"line":62,"column":12},"end":{"line":66,"column":13}},"type":"if","locations":[{"start":{"line":62,"column":12},"end":{"line":66,"column":13}},{"start":{"line":64,"column":19},"end":{"line":66,"column":13}}],"line":62},"2":{"loc":{"start":{"line":80,"column":12},"end":{"line":84,"column":13}},"type":"if","locations":[{"start":{"line":80,"column":12},"end":{"line":84,"column":13}},{"start":{"line":82,"column":19},"end":{"line":84,"column":13}}],"line":80}},"s":{"0":0,"1":0,"2":0,"3":0,"4":0,"5":0,"6":0,"7":0,"8":0,"9":0,"10":0,"11":0,"12":0,"13":0,"14":0,"15":0,"16":0,"17":0,"18":0,"19":0,"20":0,"21":0,"22":0,"23":0,"24":0,"25":0,"26":0,"27":0},"f":{"0":0,"1":0,"2":0,"3":0,"4":0},"b":{"0":[0,0],"1":[0,0],"2":[0,0]}}
,"D:\\Honefoss vgs\\Football-Management-System\\backend\\controllers\\leagueTableController.js": {"path":"D:\\Honefoss vgs\\Football-Management-System\\backend\\controllers\\leagueTableController.js","statementMap":{"0":{"start":{"line":1,"column":27},"end":{"line":1,"column":68}},"1":{"start":{"line":14,"column":8},"end":{"line":19,"column":9}},"2":{"start":{"line":15,"column":32},"end":{"line":15,"column":84}},"3":{"start":{"line":16,"column":12},"end":{"line":16,"column":46}},"4":{"start":{"line":18,"column":12},"end":{"line":18,"column":59}},"5":{"start":{"line":28,"column":8},"end":{"line":37,"column":9}},"6":{"start":{"line":29,"column":32},"end":{"line":29,"column":101}},"7":{"start":{"line":30,"column":12},"end":{"line":34,"column":13}},"8":{"start":{"line":31,"column":16},"end":{"line":31,"column":50}},"9":{"start":{"line":33,"column":16},"end":{"line":33,"column":82}},"10":{"start":{"line":36,"column":12},"end":{"line":36,"column":59}},"11":{"start":{"line":46,"column":8},"end":{"line":51,"column":9}},"12":{"start":{"line":47,"column":33},"end":{"line":47,"column":78}},"13":{"start":{"line":48,"column":12},"end":{"line":48,"column":47}},"14":{"start":{"line":50,"column":12},"end":{"line":50,"column":59}},"15":{"start":{"line":60,"column":8},"end":{"line":69,"column":9}},"16":{"start":{"line":61,"column":32},"end":{"line":61,"column":110}},"17":{"start":{"line":62,"column":12},"end":{"line":66,"column":13}},"18":{"start":{"line":63,"column":16},"end":{"line":63,"column":93}},"19":{"start":{"line":65,"column":16},"end":{"line":65,"column":82}},"20":{"start":{"line":68,"column":12},"end":{"line":68,"column":59}},"21":{"start":{"line":78,"column":8},"end":{"line":87,"column":9}},"22":{"start":{"line":79,"column":27},"end":{"line":79,"column":95}},"23":{"start":{"line":80,"column":12},"end":{"line":84,"column":13}},"24":{"start":{"line":81,"column":16},"end":{"line":81,"column":93}},"25":{"start":{"line":83,"column":16},"end":{"line":83,"column":82}},"26":{"start":{"line":86,"column":12},"end":{"line":86,"column":59}},"27":{"start":{"line":91,"column":0},"end":{"line":91,"column":45}}},"fnMap":{"0":{"name":"(anonymous_0)","decl":{"start":{"line":13,"column":4},"end":{"line":13,"column":5}},"loc":{"start":{"line":13,"column":38},"end":{"line":20,"column":5}},"line":13},"1":{"name":"(anonymous_1)","decl":{"start":{"line":27,"column":4},"end":{"line":27,"column":5}},"loc":{"start":{"line":27,"column":39},"end":{"line":38,"column":5}},"line":27},"2":{"name":"(anonymous_2)","decl":{"start":{"line":45,"column":4},"end":{"line":45,"column":5}},"loc":{"start":{"line":45,"column":39},"end":{"line":52,"column":5}},"line":45},"3":{"name":"(anonymous_3)","decl":{"start":{"line":59,"column":4},"end":{"line":59,"column":5}},"loc":{"start":{"line":59,"column":38},"end":{"line":70,"column":5}},"line":59},"4":{"name":"(anonymous_4)","decl":{"start":{"line":77,"column":4},"end":{"line":77,"column":5}},"loc":{"start":{"line":77,"column":38},"end":{"line":88,"column":5}},"line":77}},"branchMap":{"0":{"loc":{"start":{"line":30,"column":12},"end":{"line":34,"column":13}},"type":"if","locations":[{"start":{"line":30,"column":12},"end":{"line":34,"column":13}},{"start":{"line":32,"column":19},"end":{"line":34,"column":13}}],"line":30},"1":{"loc":{"start":{"line":62,"column":12},"end":{"line":66,"column":13}},"type":"if","locations":[{"start":{"line":62,"column":12},"end":{"line":66,"column":13}},{"start":{"line":64,"column":19},"end":{"line":66,"column":13}}],"line":62},"2":{"loc":{"start":{"line":80,"column":12},"end":{"line":84,"column":13}},"type":"if","locations":[{"start":{"line":80,"column":12},"end":{"line":84,"column":13}},{"start":{"line":82,"column":19},"end":{"line":84,"column":13}}],"line":80}},"s":{"0":0,"1":0,"2":0,"3":0,"4":0,"5":0,"6":0,"7":0,"8":0,"9":0,"10":0,"11":0,"12":0,"13":0,"14":0,"15":0,"16":0,"17":0,"18":0,"19":0,"20":0,"21":0,"22":0,"23":0,"24":0,"25":0,"26":0,"27":0},"f":{"0":0,"1":0,"2":0,"3":0,"4":0},"b":{"0":[0,0],"1":[0,0],"2":[0,0]}}
,"D:\\Honefoss vgs\\Football-Management-System\\backend\\controllers\\personController.js": {"path":"D:\\Honefoss vgs\\Football-Management-System\\backend\\controllers\\personController.js","statementMap":{"0":{"start":{"line":1,"column":22},"end":{"line":1,"column":58}},"1":{"start":{"line":14,"column":8},"end":{"line":19,"column":9}},"2":{"start":{"line":15,"column":27},"end":{"line":15,"column":69}},"3":{"start":{"line":16,"column":12},"end":{"line":16,"column":41}},"4":{"start":{"line":18,"column":12},"end":{"line":18,"column":59}},"5":{"start":{"line":28,"column":8},"end":{"line":37,"column":9}},"6":{"start":{"line":29,"column":27},"end":{"line":29,"column":81}},"7":{"start":{"line":30,"column":12},"end":{"line":34,"column":13}},"8":{"start":{"line":31,"column":16},"end":{"line":31,"column":45}},"9":{"start":{"line":33,"column":16},"end":{"line":33,"column":70}},"10":{"start":{"line":36,"column":12},"end":{"line":36,"column":59}},"11":{"start":{"line":46,"column":8},"end":{"line":51,"column":9}},"12":{"start":{"line":47,"column":28},"end":{"line":47,"column":63}},"13":{"start":{"line":48,"column":12},"end":{"line":48,"column":42}},"14":{"start":{"line":50,"column":12},"end":{"line":50,"column":59}},"15":{"start":{"line":60,"column":8},"end":{"line":69,"column":9}},"16":{"start":{"line":61,"column":27},"end":{"line":61,"column":90}},"17":{"start":{"line":62,"column":12},"end":{"line":66,"column":13}},"18":{"start":{"line":63,"column":16},"end":{"line":63,"column":81}},"19":{"start":{"line":65,"column":16},"end":{"line":65,"column":70}},"20":{"start":{"line":68,"column":12},"end":{"line":68,"column":59}},"21":{"start":{"line":78,"column":8},"end":{"line":87,"column":9}},"22":{"start":{"line":79,"column":27},"end":{"line":79,"column":80}},"23":{"start":{"line":80,"column":12},"end":{"line":84,"column":13}},"24":{"start":{"line":81,"column":16},"end":{"line":81,"column":81}},"25":{"start":{"line":83,"column":16},"end":{"line":83,"column":70}},"26":{"start":{"line":86,"column":12},"end":{"line":86,"column":59}},"27":{"start":{"line":91,"column":0},"end":{"line":91,"column":40}}},"fnMap":{"0":{"name":"(anonymous_0)","decl":{"start":{"line":13,"column":4},"end":{"line":13,"column":5}},"loc":{"start":{"line":13,"column":33},"end":{"line":20,"column":5}},"line":13},"1":{"name":"(anonymous_1)","decl":{"start":{"line":27,"column":4},"end":{"line":27,"column":5}},"loc":{"start":{"line":27,"column":34},"end":{"line":38,"column":5}},"line":27},"2":{"name":"(anonymous_2)","decl":{"start":{"line":45,"column":4},"end":{"line":45,"column":5}},"loc":{"start":{"line":45,"column":34},"end":{"line":52,"column":5}},"line":45},"3":{"name":"(anonymous_3)","decl":{"start":{"line":59,"column":4},"end":{"line":59,"column":5}},"loc":{"start":{"line":59,"column":33},"end":{"line":70,"column":5}},"line":59},"4":{"name":"(anonymous_4)","decl":{"start":{"line":77,"column":4},"end":{"line":77,"column":5}},"loc":{"start":{"line":77,"column":33},"end":{"line":88,"column":5}},"line":77}},"branchMap":{"0":{"loc":{"start":{"line":30,"column":12},"end":{"line":34,"column":13}},"type":"if","locations":[{"start":{"line":30,"column":12},"end":{"line":34,"column":13}},{"start":{"line":32,"column":19},"end":{"line":34,"column":13}}],"line":30},"1":{"loc":{"start":{"line":62,"column":12},"end":{"line":66,"column":13}},"type":"if","locations":[{"start":{"line":62,"column":12},"end":{"line":66,"column":13}},{"start":{"line":64,"column":19},"end":{"line":66,"column":13}}],"line":62},"2":{"loc":{"start":{"line":80,"column":12},"end":{"line":84,"column":13}},"type":"if","locations":[{"start":{"line":80,"column":12},"end":{"line":84,"column":13}},{"start":{"line":82,"column":19},"end":{"line":84,"column":13}}],"line":80}},"s":{"0":0,"1":0,"2":0,"3":0,"4":0,"5":0,"6":0,"7":0,"8":0,"9":0,"10":0,"11":0,"12":0,"13":0,"14":0,"15":0,"16":0,"17":0,"18":0,"19":0,"20":0,"21":0,"22":0,"23":0,"24":0,"25":0,"26":0,"27":0},"f":{"0":0,"1":0,"2":0,"3":0,"4":0},"b":{"0":[0,0],"1":[0,0],"2":[0,0]}}
[...]
,"D:\\Honefoss vgs\\Football-Management-System\\backend\\services\\staffAssignmentService.js": {"path":"D:\\Honefoss vgs\\Football-Management-System\\backend\\services\\staffAssignmentService.js","statementMap":{"0":{"start":{"line":1,"column":34},"end":{"line":1,"column":86}},"1":{"start":{"line":14,"column":8},"end":{"line":14,"column":85}},"2":{"start":{"line":23,"column":8},"end":{"line":23,"column":84}},"3":{"start":{"line":31,"column":8},"end":{"line":31,"column":72}},"4":{"start":{"line":41,"column":8},"end":{"line":41,"column":99}},"5":{"start":{"line":50,"column":8},"end":{"line":50,"column":83}},"6":{"start":{"line":54,"column":0},"end":{"line":54,"column":46}}},"fnMap":{"0":{"name":"(anonymous_0)","decl":{"start":{"line":13,"column":4},"end":{"line":13,"column":5}},"loc":{"start":{"line":13,"column":48},"end":{"line":15,"column":5}},"line":13},"1":{"name":"(anonymous_1)","decl":{"start":{"line":22,"column":4},"end":{"line":22,"column":5}},"loc":{"start":{"line":22,"column":47},"end":{"line":24,"column":5}},"line":22},"2":{"name":"(anonymous_2)","decl":{"start":{"line":30,"column":4},"end":{"line":30,"column":5}},"loc":{"start":{"line":30,"column":35},"end":{"line":32,"column":5}},"line":30},"3":{"name":"(anonymous_3)","decl":{"start":{"line":40,"column":4},"end":{"line":40,"column":5}},"loc":{"start":{"line":40,"column":62},"end":{"line":42,"column":5}},"line":40},"4":{"name":"(anonymous_4)","decl":{"start":{"line":49,"column":4},"end":{"line":49,"column":5}},"loc":{"start":{"line":49,"column":46},"end":{"line":51,"column":5}},"line":49}},"branchMap":{},"s":{"0":0,"1":0,"2":0,"3":0,"4":0,"5":0,"6":0},"f":{"0":0,"1":0,"2":0,"3":0,"4":0},"b":{}}
,"D:\\Honefoss vgs\\Football-Management-System\\backend\\services\\staffRoleService.js": {"path":"D:\\Honefoss vgs\\Football-Management-System\\backend\\services\\staffRoleService.js","statementMap":{"0":{"start":{"line":1,"column":28},"end":{"line":1,"column":74}},"1":{"start":{"line":14,"column":8},"end":{"line":14,"column":72}},"2":{"start":{"line":23,"column":8},"end":{"line":23,"column":67}},"3":{"start":{"line":33,"column":8},"end":{"line":33,"column":80}},"4":{"start":{"line":42,"column":8},"end":{"line":42,"column":65}},"5":{"start":{"line":46,"column":0},"end":{"line":46,"column":40}}},"fnMap":{"0":{"name":"(anonymous_0)","decl":{"start":{"line":13,"column":4},"end":{"line":13,"column":5}},"loc":{"start":{"line":13,"column":41},"end":{"line":15,"column":5}},"line":13},"1":{"name":"(anonymous_1)","decl":{"start":{"line":22,"column":4},"end":{"line":22,"column":5}},"loc":{"start":{"line":22,"column":35},"end":{"line":24,"column":5}},"line":22},"2":{"name":"(anonymous_2)","decl":{"start":{"line":32,"column":4},"end":{"line":32,"column":5}},"loc":{"start":{"line":32,"column":49},"end":{"line":34,"column":5}},"line":32},"3":{"name":"(anonymous_3)","decl":{"start":{"line":41,"column":4},"end":{"line":41,"column":5}},"loc":{"start":{"line":41,"column":34},"end":{"line":43,"column":5}},"line":41}},"branchMap":{},"s":{"0":0,"1":0,"2":0,"3":0,"4":0,"5":0},"f":{"0":0,"1":0,"2":0,"3":0},"b":{}}
,"D:\\Honefoss vgs\\Football-Management-System\\backend\\services\\staffService.js": {"path":"D:\\Honefoss vgs\\Football-Management-System\\backend\\services\\staffService.js","statementMap":{"0":{"start":{"line":1,"column":24},"end":{"line":1,"column":66}},"1":{"start":{"line":14,"column":8},"end":{"line":14,"column":60}},"2":{"start":{"line":23,"column":8},"end":{"line":23,"column":59}},"3":{"start":{"line":31,"column":8},"end":{"line":31,"column":51}},"4":{"start":{"line":41,"column":8},"end":{"line":41,"column":69}},"5":{"start":{"line":50,"column":8},"end":{"line":50,"column":58}},"6":{"start":{"line":54,"column":0},"end":{"line":54,"column":36}}},"fnMap":{"0":{"name":"(anonymous_0)","decl":{"start":{"line":13,"column":4},"end":{"line":13,"column":5}},"loc":{"start":{"line":13,"column":33},"end":{"line":15,"column":5}},"line":13},"1":{"name":"(anonymous_1)","decl":{"start":{"line":22,"column":4},"end":{"line":22,"column":5}},"loc":{"start":{"line":22,"column":32},"end":{"line":24,"column":5}},"line":22},"2":{"name":"(anonymous_2)","decl":{"start":{"line":30,"column":4},"end":{"line":30,"column":5}},"loc":{"start":{"line":30,"column":24},"end":{"line":32,"column":5}},"line":30},"3":{"name":"(anonymous_3)","decl":{"start":{"line":40,"column":4},"end":{"line":40,"column":5}},"loc":{"start":{"line":40,"column":42},"end":{"line":42,"column":5}},"line":40},"4":{"name":"(anonymous_4)","decl":{"start":{"line":49,"column":4},"end":{"line":49,"column":5}},"loc":{"start":{"line":49,"column":31},"end":{"line":51,"column":5}},"line":49}},"branchMap":{},"s":{"0":0,"1":0,"2":0,"3":0,"4":0,"5":0,"6":0},"f":{"0":0,"1":0,"2":0,"3":0,"4":0},"b":{}}
,"D:\\Honefoss vgs\\Football-Management-System\\backend\\services\\substitutionService.js": {"path":"D:\\Honefoss vgs\\Football-Management-System\\backend\\services\\substitutionService.js","statementMap":{"0":{"start":{"line":1,"column":31},"end":{"line":1,"column":80}},"1":{"start":{"line":14,"column":8},"end":{"line":14,"column":81}},"2":{"start":{"line":23,"column":8},"end":{"line":23,"column":80}},"3":{"start":{"line":31,"column":8},"end":{"line":31,"column":66}},"4":{"start":{"line":41,"column":8},"end":{"line":41,"column":97}},"5":{"start":{"line":50,"column":8},"end":{"line":50,"column":79}},"6":{"start":{"line":54,"column":0},"end":{"line":54,"column":43}}},"fnMap":{"0":{"name":"(anonymous_0)","decl":{"start":{"line":13,"column":4},"end":{"line":13,"column":5}},"loc":{"start":{"line":13,"column":47},"end":{"line":15,"column":5}},"line":13},"1":{"name":"(anonymous_1)","decl":{"start":{"line":22,"column":4},"end":{"line":22,"column":5}},"loc":{"start":{"line":22,"column":46},"end":{"line":24,"column":5}},"line":22},"2":{"name":"(anonymous_2)","decl":{"start":{"line":30,"column":4},"end":{"line":30,"column":5}},"loc":{"start":{"line":30,"column":32},"end":{"line":32,"column":5}},"line":30},"3":{"name":"(anonymous_3)","decl":{"start":{"line":40,"column":4},"end":{"line":40,"column":5}},"loc":{"start":{"line":40,"column":63},"end":{"line":42,"column":5}},"line":40},"4":{"name":"(anonymous_4)","decl":{"start":{"line":49,"column":4},"end":{"line":49,"column":5}},"loc":{"start":{"line":49,"column":45},"end":{"line":51,"column":5}},"line":49}},"branchMap":{},"s":{"0":0,"1":0,"2":0,"3":0,"4":0,"5":0,"6":0},"f":{"0":0,"1":0,"2":0,"3":0,"4":0},"b":{}}
,"D:\\Honefoss vgs\\Football-Management-System\\backend\\services\\teamService.js": {"path":"D:\\Honefoss vgs\\Football-Management-System\\backend\\services\\teamService.js","statementMap":{"0":{"start":{"line":1,"column":23},"end":{"line":1,"column":64}},"1":{"start":{"line":14,"column":8},"end":{"line":14,"column":57}},"2":{"start":{"line":23,"column":8},"end":{"line":23,"column":56}},"3":{"start":{"line":31,"column":8},"end":{"line":31,"column":50}},"4":{"start":{"line":41,"column":8},"end":{"line":41,"column":65}},"5":{"start":{"line":50,"column":8},"end":{"line":50,"column":55}},"6":{"start":{"line":54,"column":0},"end":{"line":54,"column":35}}},"fnMap":{"0":{"name":"(anonymous_0)","decl":{"start":{"line":13,"column":4},"end":{"line":13,"column":5}},"loc":{"start":{"line":13,"column":31},"end":{"line":15,"column":5}},"line":13},"1":{"name":"(anonymous_1)","decl":{"start":{"line":22,"column":4},"end":{"line":22,"column":5}},"loc":{"start":{"line":22,"column":30},"end":{"line":24,"column":5}},"line":22},"2":{"name":"(anonymous_2)","decl":{"start":{"line":30,"column":4},"end":{"line":30,"column":5}},"loc":{"start":{"line":30,"column":24},"end":{"line":32,"column":5}},"line":30},"3":{"name":"(anonymous_3)","decl":{"start":{"line":40,"column":4},"end":{"line":40,"column":5}},"loc":{"start":{"line":40,"column":39},"end":{"line":42,"column":5}},"line":40},"4":{"name":"(anonymous_4)","decl":{"start":{"line":49,"column":4},"end":{"line":49,"column":5}},"loc":{"start":{"line":49,"column":29},"end":{"line":51,"column":5}},"line":49}},"branchMap":{},"s":{"0":0,"1":0,"2":0,"3":0,"4":0,"5":0,"6":0},"f":{"0":0,"1":0,"2":0,"3":0,"4":0},"b":{}}
,"D:\\Honefoss vgs\\Football-Management-System\\backend\\services\\teamStatisticsService.js": {"path":"D:\\Honefoss vgs\\Football-Management-System\\backend\\services\\teamStatisticsService.js","statementMap":{"0":{"start":{"line":1,"column":33},"end":{"line":1,"column":84}},"1":{"start":{"line":14,"column":8},"end":{"line":14,"column":83}},"2":{"start":{"line":23,"column":8},"end":{"line":23,"column":81}},"3":{"start":{"line":31,"column":8},"end":{"line":31,"column":69}},"4":{"start":{"line":41,"column":8},"end":{"line":41,"column":96}},"5":{"start":{"line":50,"column":8},"end":{"line":50,"column":80}},"6":{"start":{"line":54,"column":0},"end":{"line":54,"column":45}}},"fnMap":{"0":{"name":"(anonymous_0)","decl":{"start":{"line":13,"column":4},"end":{"line":13,"column":5}},"loc":{"start":{"line":13,"column":47},"end":{"line":15,"column":5}},"line":13},"1":{"name":"(anonymous_1)","decl":{"start":{"line":22,"column":4},"end":{"line":22,"column":5}},"loc":{"start":{"line":22,"column":45},"end":{"line":24,"column":5}},"line":22},"2":{"name":"(anonymous_2)","decl":{"start":{"line":30,"column":4},"end":{"line":30,"column":5}},"loc":{"start":{"line":30,"column":33},"end":{"line":32,"column":5}},"line":30},"3":{"name":"(anonymous_3)","decl":{"start":{"line":40,"column":4},"end":{"line":40,"column":5}},"loc":{"start":{"line":40,"column":60},"end":{"line":42,"column":5}},"line":40},"4":{"name":"(anonymous_4)","decl":{"start":{"line":49,"column":4},"end":{"line":49,"column":5}},"loc":{"start":{"line":49,"column":44},"end":{"line":51,"column":5}},"line":49}},"branchMap":{},"s":{"0":0,"1":0,"2":0,"3":0,"4":0,"5":0,"6":0},"f":{"0":0,"1":0,"2":0,"3":0,"4":0},"b":{}}
,"D:\\Honefoss vgs\\Football-Management-System\\backend\\services\\userRoleService.js": {"path":"D:\\Honefoss vgs\\Football-Management-System\\backend\\services\\userRoleService.js","statementMap":{"0":{"start":{"line":2,"column":27},"end":{"line":2,"column":72}},"1":{"start":{"line":10,"column":19},"end":{"line":16,"column":1}},"2":{"start":{"line":11,"column":25},"end":{"line":11,"column":83}},"3":{"start":{"line":12,"column":4},"end":{"line":14,"column":5}},"4":{"start":{"line":13,"column":8},"end":{"line":13,"column":62}},"5":{"start":{"line":15,"column":4},"end":{"line":15,"column":57}},"6":{"start":{"line":25,"column":19},"end":{"line":31,"column":1}},"7":{"start":{"line":26,"column":17},"end":{"line":26,"column":70}},"8":{"start":{"line":27,"column":4},"end":{"line":29,"column":5}},"9":{"start":{"line":28,"column":8},"end":{"line":28,"column":42}},"10":{"start":{"line":30,"column":4},"end":{"line":30,"column":16}},"11":{"start":{"line":39,"column":19},"end":{"line":45,"column":1}},"12":{"start":{"line":40,"column":22},"end":{"line":40,"column":65}},"13":{"start":{"line":41,"column":4},"end":{"line":43,"column":5}},"14":{"start":{"line":42,"column":8},"end":{"line":42,"column":42}},"15":{"start":{"line":44,"column":4},"end":{"line":44,"column":16}},"16":{"start":{"line":53,"column":20},"end":{"line":59,"column":1}},"17":{"start":{"line":54,"column":17},"end":{"line":54,"column":62}},"18":{"start":{"line":55,"column":4},"end":{"line":57,"column":5}},"19":{"start":{"line":56,"column":8},"end":{"line":56,"column":42}},"20":{"start":{"line":58,"column":4},"end":{"line":58,"column":16}},"21":{"start":{"line":67,"column":22},"end":{"line":73,"column":1}},"22":{"start":{"line":68,"column":17},"end":{"line":68,"column":66}},"23":{"start":{"line":69,"column":4},"end":{"line":71,"column":5}},"24":{"start":{"line":70,"column":8},"end":{"line":70,"column":42}},"25":{"start":{"line":72,"column":4},"end":{"line":72,"column":16}},"26":{"start":{"line":75,"column":0},"end":{"line":81,"column":2}}},"fnMap":{"0":{"name":"(anonymous_0)","decl":{"start":{"line":10,"column":19},"end":{"line":10,"column":20}},"loc":{"start":{"line":10,"column":39},"end":{"line":16,"column":1}},"line":10},"1":{"name":"(anonymous_1)","decl":{"start":{"line":25,"column":19},"end":{"line":25,"column":20}},"loc":{"start":{"line":25,"column":47},"end":{"line":31,"column":1}},"line":25},"2":{"name":"(anonymous_2)","decl":{"start":{"line":39,"column":19},"end":{"line":39,"column":20}},"loc":{"start":{"line":39,"column":37},"end":{"line":45,"column":1}},"line":39},"3":{"name":"(anonymous_3)","decl":{"start":{"line":53,"column":20},"end":{"line":53,"column":21}},"loc":{"start":{"line":53,"column":38},"end":{"line":59,"column":1}},"line":53},"4":{"name":"(anonymous_4)","decl":{"start":{"line":67,"column":22},"end":{"line":67,"column":23}},"loc":{"start":{"line":67,"column":42},"end":{"line":73,"column":1}},"line":67}},"branchMap":{"0":{"loc":{"start":{"line":12,"column":4},"end":{"line":14,"column":5}},"type":"if","locations":[{"start":{"line":12,"column":4},"end":{"line":14,"column":5}},{"start":{},"end":{}}],"line":12},"1":{"loc":{"start":{"line":27,"column":4},"end":{"line":29,"column":5}},"type":"if","locations":[{"start":{"line":27,"column":4},"end":{"line":29,"column":5}},{"start":{},"end":{}}],"line":27},"2":{"loc":{"start":{"line":41,"column":4},"end":{"line":43,"column":5}},"type":"if","locations":[{"start":{"line":41,"column":4},"end":{"line":43,"column":5}},{"start":{},"end":{}}],"line":41},"3":{"loc":{"start":{"line":55,"column":4},"end":{"line":57,"column":5}},"type":"if","locations":[{"start":{"line":55,"column":4},"end":{"line":57,"column":5}},{"start":{},"end":{}}],"line":55},"4":{"loc":{"start":{"line":69,"column":4},"end":{"line":71,"column":5}},"type":"if","locations":[{"start":{"line":69,"column":4},"end":{"line":71,"column":5}},{"start":{},"end":{}}],"line":69}},"s":{"0":0,"1":0,"2":0,"3":0,"4":0,"5":0,"6":0,"7":0,"8":0,"9":0,"10":0,"11":0,"12":0,"13":0,"14":0,"15":0,"16":0,"17":0,"18":0,"19":0,"20":0,"21":0,"22":0,"23":0,"24":0,"25":0,"26":0},"f":{"0":0,"1":0,"2":0,"3":0,"4":0},"b":{"0":[0,0],"1":[0,0],"2":[0,0],"3":[0,0],"4":[0,0]}}
,"D:\\Honefoss vgs\\Football-Management-System\\backend\\services\\userRoleTranslationsService.js": {"path":"D:\\Honefoss vgs\\Football-Management-System\\backend\\services\\userRoleTranslationsService.js","statementMap":{"0":{"start":{"line":1,"column":39},"end":{"line":1,"column":96}},"1":{"start":{"line":14,"column":8},"end":{"line":14,"column":103}},"2":{"start":{"line":23,"column":8},"end":{"line":23,"column":95}},"3":{"start":{"line":33,"column":8},"end":{"line":33,"column":118}},"4":{"start":{"line":42,"column":8},"end":{"line":42,"column":93}},"5":{"start":{"line":46,"column":0},"end":{"line":46,"column":51}}},"fnMap":{"0":{"name":"(anonymous_0)","decl":{"start":{"line":13,"column":4},"end":{"line":13,"column":5}},"loc":{"start":{"line":13,"column":61},"end":{"line":15,"column":5}},"line":13},"1":{"name":"(anonymous_1)","decl":{"start":{"line":22,"column":4},"end":{"line":22,"column":5}},"loc":{"start":{"line":22,"column":52},"end":{"line":24,"column":5}},"line":22},"2":{"name":"(anonymous_2)","decl":{"start":{"line":32,"column":4},"end":{"line":32,"column":5}},"loc":{"start":{"line":32,"column":76},"end":{"line":34,"column":5}},"line":32},"3":{"name":"(anonymous_3)","decl":{"start":{"line":41,"column":4},"end":{"line":41,"column":5}},"loc":{"start":{"line":41,"column":51},"end":{"line":43,"column":5}},"line":41}},"branchMap":{},"s":{"0":0,"1":0,"2":0,"3":0,"4":0,"5":0},"f":{"0":0,"1":0,"2":0,"3":0},"b":{}}
,"D:\\Honefoss vgs\\Football-Management-System\\backend\\services\\userService.js": {"path":"D:\\Honefoss vgs\\Football-Management-System\\backend\\services\\userService.js","statementMap":{"0":{"start":{"line":2,"column":23},"end":{"line":2,"column":64}},"1":{"start":{"line":3,"column":15},"end":{"line":3,"column":32}},"2":{"start":{"line":11,"column":21},"end":{"line":29,"column":1}},"3":{"start":{"line":12,"column":25},"end":{"line":12,"column":77}},"4":{"start":{"line":13,"column":4},"end":{"line":15,"column":5}},"5":{"start":{"line":14,"column":8},"end":{"line":14,"column":63}},"6":{"start":{"line":18,"column":17},"end":{"line":18,"column":41}},"7":{"start":{"line":19,"column":25},"end":{"line":19,"column":67}},"8":{"start":{"line":22,"column":20},"end":{"line":26,"column":6}},"9":{"start":{"line":28,"column":4},"end":{"line":28,"column":19}},"10":{"start":{"line":38,"column":18},"end":{"line":51,"column":1}},"11":{"start":{"line":39,"column":17},"end":{"line":39,"column":60}},"12":{"start":{"line":40,"column":4},"end":{"line":42,"column":5}},"13":{"start":{"line":41,"column":8},"end":{"line":41,"column":42}},"14":{"start":{"line":45,"column":28},"end":{"line":45,"column":77}},"15":{"start":{"line":46,"column":4},"end":{"line":48,"column":5}},"16":{"start":{"line":47,"column":8},"end":{"line":47,"column":44}},"17":{"start":{"line":50,"column":4},"end":{"line":50,"column":16}},"18":{"start":{"line":59,"column":26},"end":{"line":61,"column":1}},"19":{"start":{"line":60,"column":4},"end":{"line":60,"column":61}},"20":{"start":{"line":68,"column":19},"end":{"line":70,"column":1}},"21":{"start":{"line":69,"column":4},"end":{"line":69,"column":51}},"22":{"start":{"line":72,"column":0},"end":{"line":77,"column":2}}},"fnMap":{"0":{"name":"(anonymous_0)","decl":{"start":{"line":11,"column":21},"end":{"line":11,"column":22}},"loc":{"start":{"line":11,"column":41},"end":{"line":29,"column":1}},"line":11},"1":{"name":"(anonymous_1)","decl":{"start":{"line":38,"column":18},"end":{"line":38,"column":19}},"loc":{"start":{"line":38,"column":45},"end":{"line":51,"column":1}},"line":38},"2":{"name":"(anonymous_2)","decl":{"start":{"line":59,"column":26},"end":{"line":59,"column":27}},"loc":{"start":{"line":59,"column":54},"end":{"line":61,"column":1}},"line":59},"3":{"name":"(anonymous_3)","decl":{"start":{"line":68,"column":19},"end":{"line":68,"column":20}},"loc":{"start":{"line":68,"column":37},"end":{"line":70,"column":1}},"line":68}},"branchMap":{"0":{"loc":{"start":{"line":13,"column":4},"end":{"line":15,"column":5}},"type":"if","locations":[{"start":{"line":13,"column":4},"end":{"line":15,"column":5}},{"start":{},"end":{}}],"line":13},"1":{"loc":{"start":{"line":40,"column":4},"end":{"line":42,"column":5}},"type":"if","locations":[{"start":{"line":40,"column":4},"end":{"line":42,"column":5}},{"start":{},"end":{}}],"line":40},"2":{"loc":{"start":{"line":46,"column":4},"end":{"line":48,"column":5}},"type":"if","locations":[{"start":{"line":46,"column":4},"end":{"line":48,"column":5}},{"start":{},"end":{}}],"line":46}},"s":{"0":2,"1":2,"2":2,"3":0,"4":0,"5":0,"6":0,"7":0,"8":0,"9":0,"10":2,"11":0,"12":0,"13":0,"14":0,"15":0,"16":0,"17":0,"18":2,"19":0,"20":2,"21":0,"22":2},"f":{"0":0,"1":0,"2":0,"3":0},"b":{"0":[0,0],"1":[0,0],"2":[0,0]},"_coverageSchema":"1a1c01bbd47fc00a2c39e90264f33305004495a9","hash":"0c9c5110d60b33d752d96cf9780a4792b5b8c07e"}
}
